{"level":30,"time":"2021-05-03T17:19:58.356Z","pid":11423,"hostname":"Pantokrator","msg":"Listening on 39603"}
{"level":30,"time":"2021-05-03T17:19:58.895Z","pid":11423,"hostname":"Pantokrator","msg":"Changed active context"}
{"level":30,"time":"2021-05-03T17:19:59.160Z","pid":11423,"hostname":"Pantokrator","msg":"Video path: undefined"}
{"level":30,"time":"2021-05-03T17:19:59.160Z","pid":11423,"hostname":"Pantokrator","msg":"Changed active page"}
{"level":30,"time":"2021-05-03T17:20:02.133Z","pid":11423,"hostname":"Pantokrator","msg":"Retrieved text for element css=aside strong containing Administrador"}
================= Original suppressed error =================
page.waitForSelector: Evaluation failed: DOMException: Failed to execute 'evaluate' on 'Document': The string '(//form//span)[RANGE])' is not a valid XPath expression.
    at Object.query (<anonymous>:2868:29)
    at InjectedScript._queryEngine (<anonymous>:1591:47)
    at InjectedScript._querySelectorRecursively (<anonymous>:1547:25)
    at InjectedScript.querySelector (<anonymous>:1538:25)
    at eval (eval at evaluate (:303:29), <anonymous>:4:38)
    at onRaf (<anonymous>:1667:37)
    at <anonymous>:1677:13
    at Object.run (<anonymous>:1735:28)
    at eval (eval at evaluate (:303:29), <anonymous>:1:14)
    at UtilityScript.evaluate (<anonymous>:305:22)
=========================== logs ===========================
waiting for selector "xpath=(//form//span)[RANGE])"
============================================================
Note: use DEBUG=pw:api environment variable to capture Playwright logs.
Error
    at Object.captureStackTrace (/home/edson/.local/lib/python3.8/site-packages/Browser/wrapper/node_modules/playwright/lib/utils/stackTrace.js:48:19)
    at Connection.sendMessageToServer (/home/edson/.local/lib/python3.8/site-packages/Browser/wrapper/node_modules/playwright/lib/client/connection.js:69:48)
    at Proxy.<anonymous> (/home/edson/.local/lib/python3.8/site-packages/Browser/wrapper/node_modules/playwright/lib/client/channelOwner.js:64:61)
    at /home/edson/.local/lib/python3.8/site-packages/Browser/wrapper/node_modules/playwright/lib/client/frame.js:202:42
    at Frame._wrapApiCall (/home/edson/.local/lib/python3.8/site-packages/Browser/wrapper/node_modules/playwright/lib/client/channelOwner.js:77:34)
    at Frame.waitForSelector (/home/edson/.local/lib/python3.8/site-packages/Browser/wrapper/node_modules/playwright/lib/client/frame.js:197:21)
    at /home/edson/.local/lib/python3.8/site-packages/Browser/wrapper/node_modules/playwright/lib/client/page.js:241:60
    at Page._attributeToPage (/home/edson/.local/lib/python3.8/site-packages/Browser/wrapper/node_modules/playwright/lib/client/page.js:231:20)
    at Page.waitForSelector (/home/edson/.local/lib/python3.8/site-packages/Browser/wrapper/node_modules/playwright/lib/client/page.js:241:21)
    at Object.<anonymous> (/home/edson/.local/lib/python3.8/site-packages/Browser/wrapper/index.js:68911:50)
=============================================================
================= Original suppressed error =================
page.waitForSelector: Evaluation failed: DOMException: Failed to execute 'evaluate' on 'Document': The string '(//form//span)[RANGE])' is not a valid XPath expression.
    at Object.query (<anonymous>:2868:29)
    at InjectedScript._queryEngine (<anonymous>:1591:47)
    at InjectedScript._querySelectorRecursively (<anonymous>:1547:25)
    at InjectedScript.querySelector (<anonymous>:1538:25)
    at eval (eval at evaluate (:303:29), <anonymous>:4:38)
    at onRaf (<anonymous>:1667:37)
    at <anonymous>:1677:13
    at Object.run (<anonymous>:1735:28)
    at eval (eval at evaluate (:303:29), <anonymous>:1:14)
    at UtilityScript.evaluate (<anonymous>:305:22)
=========================== logs ===========================
waiting for selector "xpath=(//form//span)[RANGE])"
============================================================
Note: use DEBUG=pw:api environment variable to capture Playwright logs.
Error
    at Object.captureStackTrace (/home/edson/.local/lib/python3.8/site-packages/Browser/wrapper/node_modules/playwright/lib/utils/stackTrace.js:48:19)
    at Connection.sendMessageToServer (/home/edson/.local/lib/python3.8/site-packages/Browser/wrapper/node_modules/playwright/lib/client/connection.js:69:48)
    at Proxy.<anonymous> (/home/edson/.local/lib/python3.8/site-packages/Browser/wrapper/node_modules/playwright/lib/client/channelOwner.js:64:61)
    at /home/edson/.local/lib/python3.8/site-packages/Browser/wrapper/node_modules/playwright/lib/client/frame.js:202:42
    at Frame._wrapApiCall (/home/edson/.local/lib/python3.8/site-packages/Browser/wrapper/node_modules/playwright/lib/client/channelOwner.js:77:34)
    at Frame.waitForSelector (/home/edson/.local/lib/python3.8/site-packages/Browser/wrapper/node_modules/playwright/lib/client/frame.js:197:21)
    at /home/edson/.local/lib/python3.8/site-packages/Browser/wrapper/node_modules/playwright/lib/client/page.js:241:60
    at Page._attributeToPage (/home/edson/.local/lib/python3.8/site-packages/Browser/wrapper/node_modules/playwright/lib/client/page.js:231:20)
    at Page.waitForSelector (/home/edson/.local/lib/python3.8/site-packages/Browser/wrapper/node_modules/playwright/lib/client/page.js:241:21)
    at Object.<anonymous> (/home/edson/.local/lib/python3.8/site-packages/Browser/wrapper/index.js:68911:50)
=============================================================
================= Original suppressed error =================
page.waitForSelector: Evaluation failed: DOMException: Failed to execute 'evaluate' on 'Document': The string '(//form//span)[RANGE])' is not a valid XPath expression.
    at Object.query (<anonymous>:2868:29)
    at InjectedScript._queryEngine (<anonymous>:1591:47)
    at InjectedScript._querySelectorRecursively (<anonymous>:1547:25)
    at InjectedScript.querySelector (<anonymous>:1538:25)
    at eval (eval at evaluate (:303:29), <anonymous>:4:38)
    at onRaf (<anonymous>:1667:37)
    at <anonymous>:1677:13
    at Object.run (<anonymous>:1735:28)
    at eval (eval at evaluate (:303:29), <anonymous>:1:14)
    at UtilityScript.evaluate (<anonymous>:305:22)
=========================== logs ===========================
waiting for selector "xpath=(//form//span)[RANGE])"
============================================================
Note: use DEBUG=pw:api environment variable to capture Playwright logs.
Error
    at Object.captureStackTrace (/home/edson/.local/lib/python3.8/site-packages/Browser/wrapper/node_modules/playwright/lib/utils/stackTrace.js:48:19)
    at Connection.sendMessageToServer (/home/edson/.local/lib/python3.8/site-packages/Browser/wrapper/node_modules/playwright/lib/client/connection.js:69:48)
    at Proxy.<anonymous> (/home/edson/.local/lib/python3.8/site-packages/Browser/wrapper/node_modules/playwright/lib/client/channelOwner.js:64:61)
    at /home/edson/.local/lib/python3.8/site-packages/Browser/wrapper/node_modules/playwright/lib/client/frame.js:202:42
    at Frame._wrapApiCall (/home/edson/.local/lib/python3.8/site-packages/Browser/wrapper/node_modules/playwright/lib/client/channelOwner.js:77:34)
    at Frame.waitForSelector (/home/edson/.local/lib/python3.8/site-packages/Browser/wrapper/node_modules/playwright/lib/client/frame.js:197:21)
    at /home/edson/.local/lib/python3.8/site-packages/Browser/wrapper/node_modules/playwright/lib/client/page.js:241:60
    at Page._attributeToPage (/home/edson/.local/lib/python3.8/site-packages/Browser/wrapper/node_modules/playwright/lib/client/page.js:231:20)
    at Page.waitForSelector (/home/edson/.local/lib/python3.8/site-packages/Browser/wrapper/node_modules/playwright/lib/client/page.js:241:21)
    at Object.<anonymous> (/home/edson/.local/lib/python3.8/site-packages/Browser/wrapper/index.js:68911:50)
=============================================================
================= Original suppressed error =================
page.waitForSelector: Evaluation failed: DOMException: Failed to execute 'evaluate' on 'Document': The string '(//form//span)[RANGE])' is not a valid XPath expression.
    at Object.query (<anonymous>:2868:29)
    at InjectedScript._queryEngine (<anonymous>:1591:47)
    at InjectedScript._querySelectorRecursively (<anonymous>:1547:25)
    at InjectedScript.querySelector (<anonymous>:1538:25)
    at eval (eval at evaluate (:303:29), <anonymous>:4:38)
    at onRaf (<anonymous>:1667:37)
    at <anonymous>:1677:13
    at Object.run (<anonymous>:1735:28)
    at eval (eval at evaluate (:303:29), <anonymous>:1:14)
    at UtilityScript.evaluate (<anonymous>:305:22)
=========================== logs ===========================
waiting for selector "xpath=(//form//span)[RANGE])"
============================================================
Note: use DEBUG=pw:api environment variable to capture Playwright logs.
Error
    at Object.captureStackTrace (/home/edson/.local/lib/python3.8/site-packages/Browser/wrapper/node_modules/playwright/lib/utils/stackTrace.js:48:19)
    at Connection.sendMessageToServer (/home/edson/.local/lib/python3.8/site-packages/Browser/wrapper/node_modules/playwright/lib/client/connection.js:69:48)
    at Proxy.<anonymous> (/home/edson/.local/lib/python3.8/site-packages/Browser/wrapper/node_modules/playwright/lib/client/channelOwner.js:64:61)
    at /home/edson/.local/lib/python3.8/site-packages/Browser/wrapper/node_modules/playwright/lib/client/frame.js:202:42
    at Frame._wrapApiCall (/home/edson/.local/lib/python3.8/site-packages/Browser/wrapper/node_modules/playwright/lib/client/channelOwner.js:77:34)
    at Frame.waitForSelector (/home/edson/.local/lib/python3.8/site-packages/Browser/wrapper/node_modules/playwright/lib/client/frame.js:197:21)
    at /home/edson/.local/lib/python3.8/site-packages/Browser/wrapper/node_modules/playwright/lib/client/page.js:241:60
    at Page._attributeToPage (/home/edson/.local/lib/python3.8/site-packages/Browser/wrapper/node_modules/playwright/lib/client/page.js:231:20)
    at Page.waitForSelector (/home/edson/.local/lib/python3.8/site-packages/Browser/wrapper/node_modules/playwright/lib/client/page.js:241:21)
    at Object.<anonymous> (/home/edson/.local/lib/python3.8/site-packages/Browser/wrapper/index.js:68911:50)
=============================================================
================= Original suppressed error =================
page.waitForSelector: Evaluation failed: DOMException: Failed to execute 'evaluate' on 'Document': The string '(//form//span)[RANGE])' is not a valid XPath expression.
    at Object.query (<anonymous>:2868:29)
    at InjectedScript._queryEngine (<anonymous>:1591:47)
    at InjectedScript._querySelectorRecursively (<anonymous>:1547:25)
    at InjectedScript.querySelector (<anonymous>:1538:25)
    at eval (eval at evaluate (:303:29), <anonymous>:4:38)
    at onRaf (<anonymous>:1667:37)
    at <anonymous>:1677:13
    at Object.run (<anonymous>:1735:28)
    at eval (eval at evaluate (:303:29), <anonymous>:1:14)
    at UtilityScript.evaluate (<anonymous>:305:22)
=========================== logs ===========================
waiting for selector "xpath=(//form//span)[RANGE])"
============================================================
Note: use DEBUG=pw:api environment variable to capture Playwright logs.
Error
    at Object.captureStackTrace (/home/edson/.local/lib/python3.8/site-packages/Browser/wrapper/node_modules/playwright/lib/utils/stackTrace.js:48:19)
    at Connection.sendMessageToServer (/home/edson/.local/lib/python3.8/site-packages/Browser/wrapper/node_modules/playwright/lib/client/connection.js:69:48)
    at Proxy.<anonymous> (/home/edson/.local/lib/python3.8/site-packages/Browser/wrapper/node_modules/playwright/lib/client/channelOwner.js:64:61)
    at /home/edson/.local/lib/python3.8/site-packages/Browser/wrapper/node_modules/playwright/lib/client/frame.js:202:42
    at Frame._wrapApiCall (/home/edson/.local/lib/python3.8/site-packages/Browser/wrapper/node_modules/playwright/lib/client/channelOwner.js:77:34)
    at Frame.waitForSelector (/home/edson/.local/lib/python3.8/site-packages/Browser/wrapper/node_modules/playwright/lib/client/frame.js:197:21)
    at /home/edson/.local/lib/python3.8/site-packages/Browser/wrapper/node_modules/playwright/lib/client/page.js:241:60
    at Page._attributeToPage (/home/edson/.local/lib/python3.8/site-packages/Browser/wrapper/node_modules/playwright/lib/client/page.js:231:20)
    at Page.waitForSelector (/home/edson/.local/lib/python3.8/site-packages/Browser/wrapper/node_modules/playwright/lib/client/page.js:241:21)
    at Object.<anonymous> (/home/edson/.local/lib/python3.8/site-packages/Browser/wrapper/index.js:68911:50)
=============================================================
================= Original suppressed error =================
page.waitForSelector: Evaluation failed: DOMException: Failed to execute 'evaluate' on 'Document': The string '(//form//span)[RANGE])' is not a valid XPath expression.
    at Object.query (<anonymous>:2868:29)
    at InjectedScript._queryEngine (<anonymous>:1591:47)
    at InjectedScript._querySelectorRecursively (<anonymous>:1547:25)
    at InjectedScript.querySelector (<anonymous>:1538:25)
    at eval (eval at evaluate (:303:29), <anonymous>:4:38)
    at onRaf (<anonymous>:1667:37)
    at <anonymous>:1677:13
    at Object.run (<anonymous>:1735:28)
    at eval (eval at evaluate (:303:29), <anonymous>:1:14)
    at UtilityScript.evaluate (<anonymous>:305:22)
=========================== logs ===========================
waiting for selector "xpath=(//form//span)[RANGE])"
============================================================
Note: use DEBUG=pw:api environment variable to capture Playwright logs.
Error
    at Object.captureStackTrace (/home/edson/.local/lib/python3.8/site-packages/Browser/wrapper/node_modules/playwright/lib/utils/stackTrace.js:48:19)
    at Connection.sendMessageToServer (/home/edson/.local/lib/python3.8/site-packages/Browser/wrapper/node_modules/playwright/lib/client/connection.js:69:48)
    at Proxy.<anonymous> (/home/edson/.local/lib/python3.8/site-packages/Browser/wrapper/node_modules/playwright/lib/client/channelOwner.js:64:61)
    at /home/edson/.local/lib/python3.8/site-packages/Browser/wrapper/node_modules/playwright/lib/client/frame.js:202:42
    at Frame._wrapApiCall (/home/edson/.local/lib/python3.8/site-packages/Browser/wrapper/node_modules/playwright/lib/client/channelOwner.js:77:34)
    at Frame.waitForSelector (/home/edson/.local/lib/python3.8/site-packages/Browser/wrapper/node_modules/playwright/lib/client/frame.js:197:21)
    at /home/edson/.local/lib/python3.8/site-packages/Browser/wrapper/node_modules/playwright/lib/client/page.js:241:60
    at Page._attributeToPage (/home/edson/.local/lib/python3.8/site-packages/Browser/wrapper/node_modules/playwright/lib/client/page.js:231:20)
    at Page.waitForSelector (/home/edson/.local/lib/python3.8/site-packages/Browser/wrapper/node_modules/playwright/lib/client/page.js:241:21)
    at Object.<anonymous> (/home/edson/.local/lib/python3.8/site-packages/Browser/wrapper/index.js:68911:50)
=============================================================
================= Original suppressed error =================
page.waitForSelector: Evaluation failed: DOMException: Failed to execute 'evaluate' on 'Document': The string '(//form//span)[RANGE])' is not a valid XPath expression.
    at Object.query (<anonymous>:2868:29)
    at InjectedScript._queryEngine (<anonymous>:1591:47)
    at InjectedScript._querySelectorRecursively (<anonymous>:1547:25)
    at InjectedScript.querySelector (<anonymous>:1538:25)
    at eval (eval at evaluate (:303:29), <anonymous>:4:38)
    at onRaf (<anonymous>:1667:37)
    at <anonymous>:1677:13
    at Object.run (<anonymous>:1735:28)
    at eval (eval at evaluate (:303:29), <anonymous>:1:14)
    at UtilityScript.evaluate (<anonymous>:305:22)
=========================== logs ===========================
waiting for selector "xpath=(//form//span)[RANGE])"
============================================================
Note: use DEBUG=pw:api environment variable to capture Playwright logs.
Error
    at Object.captureStackTrace (/home/edson/.local/lib/python3.8/site-packages/Browser/wrapper/node_modules/playwright/lib/utils/stackTrace.js:48:19)
    at Connection.sendMessageToServer (/home/edson/.local/lib/python3.8/site-packages/Browser/wrapper/node_modules/playwright/lib/client/connection.js:69:48)
    at Proxy.<anonymous> (/home/edson/.local/lib/python3.8/site-packages/Browser/wrapper/node_modules/playwright/lib/client/channelOwner.js:64:61)
    at /home/edson/.local/lib/python3.8/site-packages/Browser/wrapper/node_modules/playwright/lib/client/frame.js:202:42
    at Frame._wrapApiCall (/home/edson/.local/lib/python3.8/site-packages/Browser/wrapper/node_modules/playwright/lib/client/channelOwner.js:77:34)
    at Frame.waitForSelector (/home/edson/.local/lib/python3.8/site-packages/Browser/wrapper/node_modules/playwright/lib/client/frame.js:197:21)
    at /home/edson/.local/lib/python3.8/site-packages/Browser/wrapper/node_modules/playwright/lib/client/page.js:241:60
    at Page._attributeToPage (/home/edson/.local/lib/python3.8/site-packages/Browser/wrapper/node_modules/playwright/lib/client/page.js:231:20)
    at Page.waitForSelector (/home/edson/.local/lib/python3.8/site-packages/Browser/wrapper/node_modules/playwright/lib/client/page.js:241:21)
    at Object.<anonymous> (/home/edson/.local/lib/python3.8/site-packages/Browser/wrapper/index.js:68911:50)
=============================================================
================= Original suppressed error =================
page.waitForSelector: Evaluation failed: DOMException: Failed to execute 'evaluate' on 'Document': The string '(//form//span)[RANGE])' is not a valid XPath expression.
    at Object.query (<anonymous>:2868:29)
    at InjectedScript._queryEngine (<anonymous>:1591:47)
    at InjectedScript._querySelectorRecursively (<anonymous>:1547:25)
    at InjectedScript.querySelector (<anonymous>:1538:25)
    at eval (eval at evaluate (:303:29), <anonymous>:4:38)
    at onRaf (<anonymous>:1667:37)
    at <anonymous>:1677:13
    at Object.run (<anonymous>:1735:28)
    at eval (eval at evaluate (:303:29), <anonymous>:1:14)
    at UtilityScript.evaluate (<anonymous>:305:22)
=========================== logs ===========================
waiting for selector "xpath=(//form//span)[RANGE])"
============================================================
Note: use DEBUG=pw:api environment variable to capture Playwright logs.
Error
    at Object.captureStackTrace (/home/edson/.local/lib/python3.8/site-packages/Browser/wrapper/node_modules/playwright/lib/utils/stackTrace.js:48:19)
    at Connection.sendMessageToServer (/home/edson/.local/lib/python3.8/site-packages/Browser/wrapper/node_modules/playwright/lib/client/connection.js:69:48)
    at Proxy.<anonymous> (/home/edson/.local/lib/python3.8/site-packages/Browser/wrapper/node_modules/playwright/lib/client/channelOwner.js:64:61)
    at /home/edson/.local/lib/python3.8/site-packages/Browser/wrapper/node_modules/playwright/lib/client/frame.js:202:42
    at Frame._wrapApiCall (/home/edson/.local/lib/python3.8/site-packages/Browser/wrapper/node_modules/playwright/lib/client/channelOwner.js:77:34)
    at Frame.waitForSelector (/home/edson/.local/lib/python3.8/site-packages/Browser/wrapper/node_modules/playwright/lib/client/frame.js:197:21)
    at /home/edson/.local/lib/python3.8/site-packages/Browser/wrapper/node_modules/playwright/lib/client/page.js:241:60
    at Page._attributeToPage (/home/edson/.local/lib/python3.8/site-packages/Browser/wrapper/node_modules/playwright/lib/client/page.js:231:20)
    at Page.waitForSelector (/home/edson/.local/lib/python3.8/site-packages/Browser/wrapper/node_modules/playwright/lib/client/page.js:241:21)
    at Object.<anonymous> (/home/edson/.local/lib/python3.8/site-packages/Browser/wrapper/index.js:68911:50)
=============================================================
================= Original suppressed error =================
page.waitForSelector: Evaluation failed: DOMException: Failed to execute 'evaluate' on 'Document': The string '(//form//span)[RANGE])' is not a valid XPath expression.
    at Object.query (<anonymous>:2868:29)
    at InjectedScript._queryEngine (<anonymous>:1591:47)
    at InjectedScript._querySelectorRecursively (<anonymous>:1547:25)
    at InjectedScript.querySelector (<anonymous>:1538:25)
    at eval (eval at evaluate (:303:29), <anonymous>:4:38)
    at onRaf (<anonymous>:1667:37)
    at <anonymous>:1677:13
    at Object.run (<anonymous>:1735:28)
    at eval (eval at evaluate (:303:29), <anonymous>:1:14)
    at UtilityScript.evaluate (<anonymous>:305:22)
=========================== logs ===========================
waiting for selector "xpath=(//form//span)[RANGE])"
============================================================
Note: use DEBUG=pw:api environment variable to capture Playwright logs.
Error
    at Object.captureStackTrace (/home/edson/.local/lib/python3.8/site-packages/Browser/wrapper/node_modules/playwright/lib/utils/stackTrace.js:48:19)
    at Connection.sendMessageToServer (/home/edson/.local/lib/python3.8/site-packages/Browser/wrapper/node_modules/playwright/lib/client/connection.js:69:48)
    at Proxy.<anonymous> (/home/edson/.local/lib/python3.8/site-packages/Browser/wrapper/node_modules/playwright/lib/client/channelOwner.js:64:61)
    at /home/edson/.local/lib/python3.8/site-packages/Browser/wrapper/node_modules/playwright/lib/client/frame.js:202:42
    at Frame._wrapApiCall (/home/edson/.local/lib/python3.8/site-packages/Browser/wrapper/node_modules/playwright/lib/client/channelOwner.js:77:34)
    at Frame.waitForSelector (/home/edson/.local/lib/python3.8/site-packages/Browser/wrapper/node_modules/playwright/lib/client/frame.js:197:21)
    at /home/edson/.local/lib/python3.8/site-packages/Browser/wrapper/node_modules/playwright/lib/client/page.js:241:60
    at Page._attributeToPage (/home/edson/.local/lib/python3.8/site-packages/Browser/wrapper/node_modules/playwright/lib/client/page.js:231:20)
    at Page.waitForSelector (/home/edson/.local/lib/python3.8/site-packages/Browser/wrapper/node_modules/playwright/lib/client/page.js:241:21)
    at Object.<anonymous> (/home/edson/.local/lib/python3.8/site-packages/Browser/wrapper/index.js:68911:50)
=============================================================
================= Original suppressed error =================
page.waitForSelector: Evaluation failed: DOMException: Failed to execute 'evaluate' on 'Document': The string '(//form//span)[RANGE])' is not a valid XPath expression.
    at Object.query (<anonymous>:2868:29)
    at InjectedScript._queryEngine (<anonymous>:1591:47)
    at InjectedScript._querySelectorRecursively (<anonymous>:1547:25)
    at InjectedScript.querySelector (<anonymous>:1538:25)
    at eval (eval at evaluate (:303:29), <anonymous>:4:38)
    at onRaf (<anonymous>:1667:37)
    at <anonymous>:1677:13
    at Object.run (<anonymous>:1735:28)
    at eval (eval at evaluate (:303:29), <anonymous>:1:14)
    at UtilityScript.evaluate (<anonymous>:305:22)
=========================== logs ===========================
waiting for selector "xpath=(//form//span)[RANGE])"
============================================================
Note: use DEBUG=pw:api environment variable to capture Playwright logs.
Error
    at Object.captureStackTrace (/home/edson/.local/lib/python3.8/site-packages/Browser/wrapper/node_modules/playwright/lib/utils/stackTrace.js:48:19)
    at Connection.sendMessageToServer (/home/edson/.local/lib/python3.8/site-packages/Browser/wrapper/node_modules/playwright/lib/client/connection.js:69:48)
    at Proxy.<anonymous> (/home/edson/.local/lib/python3.8/site-packages/Browser/wrapper/node_modules/playwright/lib/client/channelOwner.js:64:61)
    at /home/edson/.local/lib/python3.8/site-packages/Browser/wrapper/node_modules/playwright/lib/client/frame.js:202:42
    at Frame._wrapApiCall (/home/edson/.local/lib/python3.8/site-packages/Browser/wrapper/node_modules/playwright/lib/client/channelOwner.js:77:34)
    at Frame.waitForSelector (/home/edson/.local/lib/python3.8/site-packages/Browser/wrapper/node_modules/playwright/lib/client/frame.js:197:21)
    at /home/edson/.local/lib/python3.8/site-packages/Browser/wrapper/node_modules/playwright/lib/client/page.js:241:60
    at Page._attributeToPage (/home/edson/.local/lib/python3.8/site-packages/Browser/wrapper/node_modules/playwright/lib/client/page.js:231:20)
    at Page.waitForSelector (/home/edson/.local/lib/python3.8/site-packages/Browser/wrapper/node_modules/playwright/lib/client/page.js:241:21)
    at Object.<anonymous> (/home/edson/.local/lib/python3.8/site-packages/Browser/wrapper/index.js:68911:50)
=============================================================
================= Original suppressed error =================
page.waitForSelector: Evaluation failed: DOMException: Failed to execute 'evaluate' on 'Document': The string '(//form//span)[RANGE])' is not a valid XPath expression.
    at Object.query (<anonymous>:2868:29)
    at InjectedScript._queryEngine (<anonymous>:1591:47)
    at InjectedScript._querySelectorRecursively (<anonymous>:1547:25)
    at InjectedScript.querySelector (<anonymous>:1538:25)
    at eval (eval at evaluate (:303:29), <anonymous>:4:38)
    at onRaf (<anonymous>:1667:37)
    at <anonymous>:1677:13
    at Object.run (<anonymous>:1735:28)
    at eval (eval at evaluate (:303:29), <anonymous>:1:14)
    at UtilityScript.evaluate (<anonymous>:305:22)
=========================== logs ===========================
waiting for selector "xpath=(//form//span)[RANGE])"
============================================================
Note: use DEBUG=pw:api environment variable to capture Playwright logs.
Error
    at Object.captureStackTrace (/home/edson/.local/lib/python3.8/site-packages/Browser/wrapper/node_modules/playwright/lib/utils/stackTrace.js:48:19)
    at Connection.sendMessageToServer (/home/edson/.local/lib/python3.8/site-packages/Browser/wrapper/node_modules/playwright/lib/client/connection.js:69:48)
    at Proxy.<anonymous> (/home/edson/.local/lib/python3.8/site-packages/Browser/wrapper/node_modules/playwright/lib/client/channelOwner.js:64:61)
    at /home/edson/.local/lib/python3.8/site-packages/Browser/wrapper/node_modules/playwright/lib/client/frame.js:202:42
    at Frame._wrapApiCall (/home/edson/.local/lib/python3.8/site-packages/Browser/wrapper/node_modules/playwright/lib/client/channelOwner.js:77:34)
    at Frame.waitForSelector (/home/edson/.local/lib/python3.8/site-packages/Browser/wrapper/node_modules/playwright/lib/client/frame.js:197:21)
    at /home/edson/.local/lib/python3.8/site-packages/Browser/wrapper/node_modules/playwright/lib/client/page.js:241:60
    at Page._attributeToPage (/home/edson/.local/lib/python3.8/site-packages/Browser/wrapper/node_modules/playwright/lib/client/page.js:231:20)
    at Page.waitForSelector (/home/edson/.local/lib/python3.8/site-packages/Browser/wrapper/node_modules/playwright/lib/client/page.js:241:21)
    at Object.<anonymous> (/home/edson/.local/lib/python3.8/site-packages/Browser/wrapper/index.js:68911:50)
=============================================================
================= Original suppressed error =================
page.waitForSelector: Evaluation failed: DOMException: Failed to execute 'evaluate' on 'Document': The string '(//form//span)[RANGE])' is not a valid XPath expression.
    at Object.query (<anonymous>:2868:29)
    at InjectedScript._queryEngine (<anonymous>:1591:47)
    at InjectedScript._querySelectorRecursively (<anonymous>:1547:25)
    at InjectedScript.querySelector (<anonymous>:1538:25)
    at eval (eval at evaluate (:303:29), <anonymous>:4:38)
    at onRaf (<anonymous>:1667:37)
    at <anonymous>:1677:13
    at Object.run (<anonymous>:1735:28)
    at eval (eval at evaluate (:303:29), <anonymous>:1:14)
    at UtilityScript.evaluate (<anonymous>:305:22)
=========================== logs ===========================
waiting for selector "xpath=(//form//span)[RANGE])"
============================================================
Note: use DEBUG=pw:api environment variable to capture Playwright logs.
Error
    at Object.captureStackTrace (/home/edson/.local/lib/python3.8/site-packages/Browser/wrapper/node_modules/playwright/lib/utils/stackTrace.js:48:19)
    at Connection.sendMessageToServer (/home/edson/.local/lib/python3.8/site-packages/Browser/wrapper/node_modules/playwright/lib/client/connection.js:69:48)
    at Proxy.<anonymous> (/home/edson/.local/lib/python3.8/site-packages/Browser/wrapper/node_modules/playwright/lib/client/channelOwner.js:64:61)
    at /home/edson/.local/lib/python3.8/site-packages/Browser/wrapper/node_modules/playwright/lib/client/frame.js:202:42
    at Frame._wrapApiCall (/home/edson/.local/lib/python3.8/site-packages/Browser/wrapper/node_modules/playwright/lib/client/channelOwner.js:77:34)
    at Frame.waitForSelector (/home/edson/.local/lib/python3.8/site-packages/Browser/wrapper/node_modules/playwright/lib/client/frame.js:197:21)
    at /home/edson/.local/lib/python3.8/site-packages/Browser/wrapper/node_modules/playwright/lib/client/page.js:241:60
    at Page._attributeToPage (/home/edson/.local/lib/python3.8/site-packages/Browser/wrapper/node_modules/playwright/lib/client/page.js:231:20)
    at Page.waitForSelector (/home/edson/.local/lib/python3.8/site-packages/Browser/wrapper/node_modules/playwright/lib/client/page.js:241:21)
    at Object.<anonymous> (/home/edson/.local/lib/python3.8/site-packages/Browser/wrapper/index.js:68911:50)
=============================================================
================= Original suppressed error =================
page.waitForSelector: Evaluation failed: DOMException: Failed to execute 'evaluate' on 'Document': The string '(//form//span)[RANGE])' is not a valid XPath expression.
    at Object.query (<anonymous>:2868:29)
    at InjectedScript._queryEngine (<anonymous>:1591:47)
    at InjectedScript._querySelectorRecursively (<anonymous>:1547:25)
    at InjectedScript.querySelector (<anonymous>:1538:25)
    at eval (eval at evaluate (:303:29), <anonymous>:4:38)
    at onRaf (<anonymous>:1667:37)
    at <anonymous>:1677:13
    at Object.run (<anonymous>:1735:28)
    at eval (eval at evaluate (:303:29), <anonymous>:1:14)
    at UtilityScript.evaluate (<anonymous>:305:22)
=========================== logs ===========================
waiting for selector "xpath=(//form//span)[RANGE])"
============================================================
Note: use DEBUG=pw:api environment variable to capture Playwright logs.
Error
    at Object.captureStackTrace (/home/edson/.local/lib/python3.8/site-packages/Browser/wrapper/node_modules/playwright/lib/utils/stackTrace.js:48:19)
    at Connection.sendMessageToServer (/home/edson/.local/lib/python3.8/site-packages/Browser/wrapper/node_modules/playwright/lib/client/connection.js:69:48)
    at Proxy.<anonymous> (/home/edson/.local/lib/python3.8/site-packages/Browser/wrapper/node_modules/playwright/lib/client/channelOwner.js:64:61)
    at /home/edson/.local/lib/python3.8/site-packages/Browser/wrapper/node_modules/playwright/lib/client/frame.js:202:42
    at Frame._wrapApiCall (/home/edson/.local/lib/python3.8/site-packages/Browser/wrapper/node_modules/playwright/lib/client/channelOwner.js:77:34)
    at Frame.waitForSelector (/home/edson/.local/lib/python3.8/site-packages/Browser/wrapper/node_modules/playwright/lib/client/frame.js:197:21)
    at /home/edson/.local/lib/python3.8/site-packages/Browser/wrapper/node_modules/playwright/lib/client/page.js:241:60
    at Page._attributeToPage (/home/edson/.local/lib/python3.8/site-packages/Browser/wrapper/node_modules/playwright/lib/client/page.js:231:20)
    at Page.waitForSelector (/home/edson/.local/lib/python3.8/site-packages/Browser/wrapper/node_modules/playwright/lib/client/page.js:241:21)
    at Object.<anonymous> (/home/edson/.local/lib/python3.8/site-packages/Browser/wrapper/index.js:68911:50)
=============================================================
================= Original suppressed error =================
page.waitForSelector: Evaluation failed: DOMException: Failed to execute 'evaluate' on 'Document': The string '(//form//span)[RANGE])' is not a valid XPath expression.
    at Object.query (<anonymous>:2868:29)
    at InjectedScript._queryEngine (<anonymous>:1591:47)
    at InjectedScript._querySelectorRecursively (<anonymous>:1547:25)
    at InjectedScript.querySelector (<anonymous>:1538:25)
    at eval (eval at evaluate (:303:29), <anonymous>:4:38)
    at onRaf (<anonymous>:1667:37)
    at <anonymous>:1677:13
    at Object.run (<anonymous>:1735:28)
    at eval (eval at evaluate (:303:29), <anonymous>:1:14)
    at UtilityScript.evaluate (<anonymous>:305:22)
=========================== logs ===========================
waiting for selector "xpath=(//form//span)[RANGE])"
============================================================
Note: use DEBUG=pw:api environment variable to capture Playwright logs.
Error
    at Object.captureStackTrace (/home/edson/.local/lib/python3.8/site-packages/Browser/wrapper/node_modules/playwright/lib/utils/stackTrace.js:48:19)
    at Connection.sendMessageToServer (/home/edson/.local/lib/python3.8/site-packages/Browser/wrapper/node_modules/playwright/lib/client/connection.js:69:48)
    at Proxy.<anonymous> (/home/edson/.local/lib/python3.8/site-packages/Browser/wrapper/node_modules/playwright/lib/client/channelOwner.js:64:61)
    at /home/edson/.local/lib/python3.8/site-packages/Browser/wrapper/node_modules/playwright/lib/client/frame.js:202:42
    at Frame._wrapApiCall (/home/edson/.local/lib/python3.8/site-packages/Browser/wrapper/node_modules/playwright/lib/client/channelOwner.js:77:34)
    at Frame.waitForSelector (/home/edson/.local/lib/python3.8/site-packages/Browser/wrapper/node_modules/playwright/lib/client/frame.js:197:21)
    at /home/edson/.local/lib/python3.8/site-packages/Browser/wrapper/node_modules/playwright/lib/client/page.js:241:60
    at Page._attributeToPage (/home/edson/.local/lib/python3.8/site-packages/Browser/wrapper/node_modules/playwright/lib/client/page.js:231:20)
    at Page.waitForSelector (/home/edson/.local/lib/python3.8/site-packages/Browser/wrapper/node_modules/playwright/lib/client/page.js:241:21)
    at Object.<anonymous> (/home/edson/.local/lib/python3.8/site-packages/Browser/wrapper/index.js:68911:50)
=============================================================
================= Original suppressed error =================
page.waitForSelector: Evaluation failed: DOMException: Failed to execute 'evaluate' on 'Document': The string '(//form//span)[RANGE])' is not a valid XPath expression.
    at Object.query (<anonymous>:2868:29)
    at InjectedScript._queryEngine (<anonymous>:1591:47)
    at InjectedScript._querySelectorRecursively (<anonymous>:1547:25)
    at InjectedScript.querySelector (<anonymous>:1538:25)
    at eval (eval at evaluate (:303:29), <anonymous>:4:38)
    at onRaf (<anonymous>:1667:37)
    at <anonymous>:1677:13
    at Object.run (<anonymous>:1735:28)
    at eval (eval at evaluate (:303:29), <anonymous>:1:14)
    at UtilityScript.evaluate (<anonymous>:305:22)
=========================== logs ===========================
waiting for selector "xpath=(//form//span)[RANGE])"
============================================================
Note: use DEBUG=pw:api environment variable to capture Playwright logs.
Error
    at Object.captureStackTrace (/home/edson/.local/lib/python3.8/site-packages/Browser/wrapper/node_modules/playwright/lib/utils/stackTrace.js:48:19)
    at Connection.sendMessageToServer (/home/edson/.local/lib/python3.8/site-packages/Browser/wrapper/node_modules/playwright/lib/client/connection.js:69:48)
    at Proxy.<anonymous> (/home/edson/.local/lib/python3.8/site-packages/Browser/wrapper/node_modules/playwright/lib/client/channelOwner.js:64:61)
    at /home/edson/.local/lib/python3.8/site-packages/Browser/wrapper/node_modules/playwright/lib/client/frame.js:202:42
    at Frame._wrapApiCall (/home/edson/.local/lib/python3.8/site-packages/Browser/wrapper/node_modules/playwright/lib/client/channelOwner.js:77:34)
    at Frame.waitForSelector (/home/edson/.local/lib/python3.8/site-packages/Browser/wrapper/node_modules/playwright/lib/client/frame.js:197:21)
    at /home/edson/.local/lib/python3.8/site-packages/Browser/wrapper/node_modules/playwright/lib/client/page.js:241:60
    at Page._attributeToPage (/home/edson/.local/lib/python3.8/site-packages/Browser/wrapper/node_modules/playwright/lib/client/page.js:231:20)
    at Page.waitForSelector (/home/edson/.local/lib/python3.8/site-packages/Browser/wrapper/node_modules/playwright/lib/client/page.js:241:21)
    at Object.<anonymous> (/home/edson/.local/lib/python3.8/site-packages/Browser/wrapper/index.js:68911:50)
=============================================================
================= Original suppressed error =================
page.waitForSelector: Evaluation failed: DOMException: Failed to execute 'evaluate' on 'Document': The string '(//form//span)[RANGE])' is not a valid XPath expression.
    at Object.query (<anonymous>:2868:29)
    at InjectedScript._queryEngine (<anonymous>:1591:47)
    at InjectedScript._querySelectorRecursively (<anonymous>:1547:25)
    at InjectedScript.querySelector (<anonymous>:1538:25)
    at eval (eval at evaluate (:303:29), <anonymous>:4:38)
    at onRaf (<anonymous>:1667:37)
    at <anonymous>:1677:13
    at Object.run (<anonymous>:1735:28)
    at eval (eval at evaluate (:303:29), <anonymous>:1:14)
    at UtilityScript.evaluate (<anonymous>:305:22)
=========================== logs ===========================
waiting for selector "xpath=(//form//span)[RANGE])"
============================================================
Note: use DEBUG=pw:api environment variable to capture Playwright logs.
Error
    at Object.captureStackTrace (/home/edson/.local/lib/python3.8/site-packages/Browser/wrapper/node_modules/playwright/lib/utils/stackTrace.js:48:19)
    at Connection.sendMessageToServer (/home/edson/.local/lib/python3.8/site-packages/Browser/wrapper/node_modules/playwright/lib/client/connection.js:69:48)
    at Proxy.<anonymous> (/home/edson/.local/lib/python3.8/site-packages/Browser/wrapper/node_modules/playwright/lib/client/channelOwner.js:64:61)
    at /home/edson/.local/lib/python3.8/site-packages/Browser/wrapper/node_modules/playwright/lib/client/frame.js:202:42
    at Frame._wrapApiCall (/home/edson/.local/lib/python3.8/site-packages/Browser/wrapper/node_modules/playwright/lib/client/channelOwner.js:77:34)
    at Frame.waitForSelector (/home/edson/.local/lib/python3.8/site-packages/Browser/wrapper/node_modules/playwright/lib/client/frame.js:197:21)
    at /home/edson/.local/lib/python3.8/site-packages/Browser/wrapper/node_modules/playwright/lib/client/page.js:241:60
    at Page._attributeToPage (/home/edson/.local/lib/python3.8/site-packages/Browser/wrapper/node_modules/playwright/lib/client/page.js:231:20)
    at Page.waitForSelector (/home/edson/.local/lib/python3.8/site-packages/Browser/wrapper/node_modules/playwright/lib/client/page.js:241:21)
    at Object.<anonymous> (/home/edson/.local/lib/python3.8/site-packages/Browser/wrapper/index.js:68911:50)
=============================================================
================= Original suppressed error =================
page.waitForSelector: Evaluation failed: DOMException: Failed to execute 'evaluate' on 'Document': The string '(//form//span)[RANGE])' is not a valid XPath expression.
    at Object.query (<anonymous>:2868:29)
    at InjectedScript._queryEngine (<anonymous>:1591:47)
    at InjectedScript._querySelectorRecursively (<anonymous>:1547:25)
    at InjectedScript.querySelector (<anonymous>:1538:25)
    at eval (eval at evaluate (:303:29), <anonymous>:4:38)
    at onRaf (<anonymous>:1667:37)
    at <anonymous>:1677:13
    at Object.run (<anonymous>:1735:28)
    at eval (eval at evaluate (:303:29), <anonymous>:1:14)
    at UtilityScript.evaluate (<anonymous>:305:22)
=========================== logs ===========================
waiting for selector "xpath=(//form//span)[RANGE])"
============================================================
Note: use DEBUG=pw:api environment variable to capture Playwright logs.
Error
    at Object.captureStackTrace (/home/edson/.local/lib/python3.8/site-packages/Browser/wrapper/node_modules/playwright/lib/utils/stackTrace.js:48:19)
    at Connection.sendMessageToServer (/home/edson/.local/lib/python3.8/site-packages/Browser/wrapper/node_modules/playwright/lib/client/connection.js:69:48)
    at Proxy.<anonymous> (/home/edson/.local/lib/python3.8/site-packages/Browser/wrapper/node_modules/playwright/lib/client/channelOwner.js:64:61)
    at /home/edson/.local/lib/python3.8/site-packages/Browser/wrapper/node_modules/playwright/lib/client/frame.js:202:42
    at Frame._wrapApiCall (/home/edson/.local/lib/python3.8/site-packages/Browser/wrapper/node_modules/playwright/lib/client/channelOwner.js:77:34)
    at Frame.waitForSelector (/home/edson/.local/lib/python3.8/site-packages/Browser/wrapper/node_modules/playwright/lib/client/frame.js:197:21)
    at /home/edson/.local/lib/python3.8/site-packages/Browser/wrapper/node_modules/playwright/lib/client/page.js:241:60
    at Page._attributeToPage (/home/edson/.local/lib/python3.8/site-packages/Browser/wrapper/node_modules/playwright/lib/client/page.js:231:20)
    at Page.waitForSelector (/home/edson/.local/lib/python3.8/site-packages/Browser/wrapper/node_modules/playwright/lib/client/page.js:241:21)
    at Object.<anonymous> (/home/edson/.local/lib/python3.8/site-packages/Browser/wrapper/index.js:68911:50)
=============================================================
================= Original suppressed error =================
page.waitForSelector: Evaluation failed: DOMException: Failed to execute 'evaluate' on 'Document': The string '(//form//span)[RANGE])' is not a valid XPath expression.
    at Object.query (<anonymous>:2868:29)
    at InjectedScript._queryEngine (<anonymous>:1591:47)
    at InjectedScript._querySelectorRecursively (<anonymous>:1547:25)
    at InjectedScript.querySelector (<anonymous>:1538:25)
    at eval (eval at evaluate (:303:29), <anonymous>:4:38)
    at onRaf (<anonymous>:1667:37)
    at <anonymous>:1677:13
    at Object.run (<anonymous>:1735:28)
    at eval (eval at evaluate (:303:29), <anonymous>:1:14)
    at UtilityScript.evaluate (<anonymous>:305:22)
=========================== logs ===========================
waiting for selector "xpath=(//form//span)[RANGE])"
============================================================
Note: use DEBUG=pw:api environment variable to capture Playwright logs.
Error
    at Object.captureStackTrace (/home/edson/.local/lib/python3.8/site-packages/Browser/wrapper/node_modules/playwright/lib/utils/stackTrace.js:48:19)
    at Connection.sendMessageToServer (/home/edson/.local/lib/python3.8/site-packages/Browser/wrapper/node_modules/playwright/lib/client/connection.js:69:48)
    at Proxy.<anonymous> (/home/edson/.local/lib/python3.8/site-packages/Browser/wrapper/node_modules/playwright/lib/client/channelOwner.js:64:61)
    at /home/edson/.local/lib/python3.8/site-packages/Browser/wrapper/node_modules/playwright/lib/client/frame.js:202:42
    at Frame._wrapApiCall (/home/edson/.local/lib/python3.8/site-packages/Browser/wrapper/node_modules/playwright/lib/client/channelOwner.js:77:34)
    at Frame.waitForSelector (/home/edson/.local/lib/python3.8/site-packages/Browser/wrapper/node_modules/playwright/lib/client/frame.js:197:21)
    at /home/edson/.local/lib/python3.8/site-packages/Browser/wrapper/node_modules/playwright/lib/client/page.js:241:60
    at Page._attributeToPage (/home/edson/.local/lib/python3.8/site-packages/Browser/wrapper/node_modules/playwright/lib/client/page.js:231:20)
    at Page.waitForSelector (/home/edson/.local/lib/python3.8/site-packages/Browser/wrapper/node_modules/playwright/lib/client/page.js:241:21)
    at Object.<anonymous> (/home/edson/.local/lib/python3.8/site-packages/Browser/wrapper/index.js:68911:50)
=============================================================
================= Original suppressed error =================
page.waitForSelector: Evaluation failed: DOMException: Failed to execute 'evaluate' on 'Document': The string '(//form//span)[RANGE])' is not a valid XPath expression.
    at Object.query (<anonymous>:2868:29)
    at InjectedScript._queryEngine (<anonymous>:1591:47)
    at InjectedScript._querySelectorRecursively (<anonymous>:1547:25)
    at InjectedScript.querySelector (<anonymous>:1538:25)
    at eval (eval at evaluate (:303:29), <anonymous>:4:38)
    at onRaf (<anonymous>:1667:37)
    at <anonymous>:1677:13
    at Object.run (<anonymous>:1735:28)
    at eval (eval at evaluate (:303:29), <anonymous>:1:14)
    at UtilityScript.evaluate (<anonymous>:305:22)
=========================== logs ===========================
waiting for selector "xpath=(//form//span)[RANGE])"
============================================================
Note: use DEBUG=pw:api environment variable to capture Playwright logs.
Error
    at Object.captureStackTrace (/home/edson/.local/lib/python3.8/site-packages/Browser/wrapper/node_modules/playwright/lib/utils/stackTrace.js:48:19)
    at Connection.sendMessageToServer (/home/edson/.local/lib/python3.8/site-packages/Browser/wrapper/node_modules/playwright/lib/client/connection.js:69:48)
    at Proxy.<anonymous> (/home/edson/.local/lib/python3.8/site-packages/Browser/wrapper/node_modules/playwright/lib/client/channelOwner.js:64:61)
    at /home/edson/.local/lib/python3.8/site-packages/Browser/wrapper/node_modules/playwright/lib/client/frame.js:202:42
    at Frame._wrapApiCall (/home/edson/.local/lib/python3.8/site-packages/Browser/wrapper/node_modules/playwright/lib/client/channelOwner.js:77:34)
    at Frame.waitForSelector (/home/edson/.local/lib/python3.8/site-packages/Browser/wrapper/node_modules/playwright/lib/client/frame.js:197:21)
    at /home/edson/.local/lib/python3.8/site-packages/Browser/wrapper/node_modules/playwright/lib/client/page.js:241:60
    at Page._attributeToPage (/home/edson/.local/lib/python3.8/site-packages/Browser/wrapper/node_modules/playwright/lib/client/page.js:231:20)
    at Page.waitForSelector (/home/edson/.local/lib/python3.8/site-packages/Browser/wrapper/node_modules/playwright/lib/client/page.js:241:21)
    at Object.<anonymous> (/home/edson/.local/lib/python3.8/site-packages/Browser/wrapper/index.js:68911:50)
=============================================================
================= Original suppressed error =================
page.waitForSelector: Evaluation failed: DOMException: Failed to execute 'evaluate' on 'Document': The string '(//form//span)[RANGE])' is not a valid XPath expression.
    at Object.query (<anonymous>:2868:29)
    at InjectedScript._queryEngine (<anonymous>:1591:47)
    at InjectedScript._querySelectorRecursively (<anonymous>:1547:25)
    at InjectedScript.querySelector (<anonymous>:1538:25)
    at eval (eval at evaluate (:303:29), <anonymous>:4:38)
    at onRaf (<anonymous>:1667:37)
    at <anonymous>:1677:13
    at Object.run (<anonymous>:1735:28)
    at eval (eval at evaluate (:303:29), <anonymous>:1:14)
    at UtilityScript.evaluate (<anonymous>:305:22)
=========================== logs ===========================
waiting for selector "xpath=(//form//span)[RANGE])"
============================================================
Note: use DEBUG=pw:api environment variable to capture Playwright logs.
Error
    at Object.captureStackTrace (/home/edson/.local/lib/python3.8/site-packages/Browser/wrapper/node_modules/playwright/lib/utils/stackTrace.js:48:19)
    at Connection.sendMessageToServer (/home/edson/.local/lib/python3.8/site-packages/Browser/wrapper/node_modules/playwright/lib/client/connection.js:69:48)
    at Proxy.<anonymous> (/home/edson/.local/lib/python3.8/site-packages/Browser/wrapper/node_modules/playwright/lib/client/channelOwner.js:64:61)
    at /home/edson/.local/lib/python3.8/site-packages/Browser/wrapper/node_modules/playwright/lib/client/frame.js:202:42
    at Frame._wrapApiCall (/home/edson/.local/lib/python3.8/site-packages/Browser/wrapper/node_modules/playwright/lib/client/channelOwner.js:77:34)
    at Frame.waitForSelector (/home/edson/.local/lib/python3.8/site-packages/Browser/wrapper/node_modules/playwright/lib/client/frame.js:197:21)
    at /home/edson/.local/lib/python3.8/site-packages/Browser/wrapper/node_modules/playwright/lib/client/page.js:241:60
    at Page._attributeToPage (/home/edson/.local/lib/python3.8/site-packages/Browser/wrapper/node_modules/playwright/lib/client/page.js:231:20)
    at Page.waitForSelector (/home/edson/.local/lib/python3.8/site-packages/Browser/wrapper/node_modules/playwright/lib/client/page.js:241:21)
    at Object.<anonymous> (/home/edson/.local/lib/python3.8/site-packages/Browser/wrapper/index.js:68911:50)
=============================================================
================= Original suppressed error =================
page.waitForSelector: Evaluation failed: DOMException: Failed to execute 'evaluate' on 'Document': The string '(//form//span)[RANGE])' is not a valid XPath expression.
    at Object.query (<anonymous>:2868:29)
    at InjectedScript._queryEngine (<anonymous>:1591:47)
    at InjectedScript._querySelectorRecursively (<anonymous>:1547:25)
    at InjectedScript.querySelector (<anonymous>:1538:25)
    at eval (eval at evaluate (:303:29), <anonymous>:4:38)
    at onRaf (<anonymous>:1667:37)
    at <anonymous>:1677:13
    at Object.run (<anonymous>:1735:28)
    at eval (eval at evaluate (:303:29), <anonymous>:1:14)
    at UtilityScript.evaluate (<anonymous>:305:22)
=========================== logs ===========================
waiting for selector "xpath=(//form//span)[RANGE])"
============================================================
Note: use DEBUG=pw:api environment variable to capture Playwright logs.
Error
    at Object.captureStackTrace (/home/edson/.local/lib/python3.8/site-packages/Browser/wrapper/node_modules/playwright/lib/utils/stackTrace.js:48:19)
    at Connection.sendMessageToServer (/home/edson/.local/lib/python3.8/site-packages/Browser/wrapper/node_modules/playwright/lib/client/connection.js:69:48)
    at Proxy.<anonymous> (/home/edson/.local/lib/python3.8/site-packages/Browser/wrapper/node_modules/playwright/lib/client/channelOwner.js:64:61)
    at /home/edson/.local/lib/python3.8/site-packages/Browser/wrapper/node_modules/playwright/lib/client/frame.js:202:42
    at Frame._wrapApiCall (/home/edson/.local/lib/python3.8/site-packages/Browser/wrapper/node_modules/playwright/lib/client/channelOwner.js:77:34)
    at Frame.waitForSelector (/home/edson/.local/lib/python3.8/site-packages/Browser/wrapper/node_modules/playwright/lib/client/frame.js:197:21)
    at /home/edson/.local/lib/python3.8/site-packages/Browser/wrapper/node_modules/playwright/lib/client/page.js:241:60
    at Page._attributeToPage (/home/edson/.local/lib/python3.8/site-packages/Browser/wrapper/node_modules/playwright/lib/client/page.js:231:20)
    at Page.waitForSelector (/home/edson/.local/lib/python3.8/site-packages/Browser/wrapper/node_modules/playwright/lib/client/page.js:241:21)
    at Object.<anonymous> (/home/edson/.local/lib/python3.8/site-packages/Browser/wrapper/index.js:68911:50)
=============================================================
================= Original suppressed error =================
page.waitForSelector: Evaluation failed: DOMException: Failed to execute 'evaluate' on 'Document': The string '(//form//span)[RANGE])' is not a valid XPath expression.
    at Object.query (<anonymous>:2868:29)
    at InjectedScript._queryEngine (<anonymous>:1591:47)
    at InjectedScript._querySelectorRecursively (<anonymous>:1547:25)
    at InjectedScript.querySelector (<anonymous>:1538:25)
    at eval (eval at evaluate (:303:29), <anonymous>:4:38)
    at onRaf (<anonymous>:1667:37)
    at <anonymous>:1677:13
    at Object.run (<anonymous>:1735:28)
    at eval (eval at evaluate (:303:29), <anonymous>:1:14)
    at UtilityScript.evaluate (<anonymous>:305:22)
=========================== logs ===========================
waiting for selector "xpath=(//form//span)[RANGE])"
============================================================
Note: use DEBUG=pw:api environment variable to capture Playwright logs.
Error
    at Object.captureStackTrace (/home/edson/.local/lib/python3.8/site-packages/Browser/wrapper/node_modules/playwright/lib/utils/stackTrace.js:48:19)
    at Connection.sendMessageToServer (/home/edson/.local/lib/python3.8/site-packages/Browser/wrapper/node_modules/playwright/lib/client/connection.js:69:48)
    at Proxy.<anonymous> (/home/edson/.local/lib/python3.8/site-packages/Browser/wrapper/node_modules/playwright/lib/client/channelOwner.js:64:61)
    at /home/edson/.local/lib/python3.8/site-packages/Browser/wrapper/node_modules/playwright/lib/client/frame.js:202:42
    at Frame._wrapApiCall (/home/edson/.local/lib/python3.8/site-packages/Browser/wrapper/node_modules/playwright/lib/client/channelOwner.js:77:34)
    at Frame.waitForSelector (/home/edson/.local/lib/python3.8/site-packages/Browser/wrapper/node_modules/playwright/lib/client/frame.js:197:21)
    at /home/edson/.local/lib/python3.8/site-packages/Browser/wrapper/node_modules/playwright/lib/client/page.js:241:60
    at Page._attributeToPage (/home/edson/.local/lib/python3.8/site-packages/Browser/wrapper/node_modules/playwright/lib/client/page.js:231:20)
    at Page.waitForSelector (/home/edson/.local/lib/python3.8/site-packages/Browser/wrapper/node_modules/playwright/lib/client/page.js:241:21)
    at Object.<anonymous> (/home/edson/.local/lib/python3.8/site-packages/Browser/wrapper/index.js:68911:50)
=============================================================
================= Original suppressed error =================
page.waitForSelector: Evaluation failed: DOMException: Failed to execute 'evaluate' on 'Document': The string '(//form//span)[RANGE])' is not a valid XPath expression.
    at Object.query (<anonymous>:2868:29)
    at InjectedScript._queryEngine (<anonymous>:1591:47)
    at InjectedScript._querySelectorRecursively (<anonymous>:1547:25)
    at InjectedScript.querySelector (<anonymous>:1538:25)
    at eval (eval at evaluate (:303:29), <anonymous>:4:38)
    at onRaf (<anonymous>:1667:37)
    at <anonymous>:1677:13
    at Object.run (<anonymous>:1735:28)
    at eval (eval at evaluate (:303:29), <anonymous>:1:14)
    at UtilityScript.evaluate (<anonymous>:305:22)
=========================== logs ===========================
waiting for selector "xpath=(//form//span)[RANGE])"
============================================================
Note: use DEBUG=pw:api environment variable to capture Playwright logs.
Error
    at Object.captureStackTrace (/home/edson/.local/lib/python3.8/site-packages/Browser/wrapper/node_modules/playwright/lib/utils/stackTrace.js:48:19)
    at Connection.sendMessageToServer (/home/edson/.local/lib/python3.8/site-packages/Browser/wrapper/node_modules/playwright/lib/client/connection.js:69:48)
    at Proxy.<anonymous> (/home/edson/.local/lib/python3.8/site-packages/Browser/wrapper/node_modules/playwright/lib/client/channelOwner.js:64:61)
    at /home/edson/.local/lib/python3.8/site-packages/Browser/wrapper/node_modules/playwright/lib/client/frame.js:202:42
    at Frame._wrapApiCall (/home/edson/.local/lib/python3.8/site-packages/Browser/wrapper/node_modules/playwright/lib/client/channelOwner.js:77:34)
    at Frame.waitForSelector (/home/edson/.local/lib/python3.8/site-packages/Browser/wrapper/node_modules/playwright/lib/client/frame.js:197:21)
    at /home/edson/.local/lib/python3.8/site-packages/Browser/wrapper/node_modules/playwright/lib/client/page.js:241:60
    at Page._attributeToPage (/home/edson/.local/lib/python3.8/site-packages/Browser/wrapper/node_modules/playwright/lib/client/page.js:231:20)
    at Page.waitForSelector (/home/edson/.local/lib/python3.8/site-packages/Browser/wrapper/node_modules/playwright/lib/client/page.js:241:21)
    at Object.<anonymous> (/home/edson/.local/lib/python3.8/site-packages/Browser/wrapper/index.js:68911:50)
=============================================================
================= Original suppressed error =================
page.waitForSelector: Evaluation failed: DOMException: Failed to execute 'evaluate' on 'Document': The string '(//form//span)[RANGE])' is not a valid XPath expression.
    at Object.query (<anonymous>:2868:29)
    at InjectedScript._queryEngine (<anonymous>:1591:47)
    at InjectedScript._querySelectorRecursively (<anonymous>:1547:25)
    at InjectedScript.querySelector (<anonymous>:1538:25)
    at eval (eval at evaluate (:303:29), <anonymous>:4:38)
    at onRaf (<anonymous>:1667:37)
    at <anonymous>:1677:13
    at Object.run (<anonymous>:1735:28)
    at eval (eval at evaluate (:303:29), <anonymous>:1:14)
    at UtilityScript.evaluate (<anonymous>:305:22)
=========================== logs ===========================
waiting for selector "xpath=(//form//span)[RANGE])"
============================================================
Note: use DEBUG=pw:api environment variable to capture Playwright logs.
Error
    at Object.captureStackTrace (/home/edson/.local/lib/python3.8/site-packages/Browser/wrapper/node_modules/playwright/lib/utils/stackTrace.js:48:19)
    at Connection.sendMessageToServer (/home/edson/.local/lib/python3.8/site-packages/Browser/wrapper/node_modules/playwright/lib/client/connection.js:69:48)
    at Proxy.<anonymous> (/home/edson/.local/lib/python3.8/site-packages/Browser/wrapper/node_modules/playwright/lib/client/channelOwner.js:64:61)
    at /home/edson/.local/lib/python3.8/site-packages/Browser/wrapper/node_modules/playwright/lib/client/frame.js:202:42
    at Frame._wrapApiCall (/home/edson/.local/lib/python3.8/site-packages/Browser/wrapper/node_modules/playwright/lib/client/channelOwner.js:77:34)
    at Frame.waitForSelector (/home/edson/.local/lib/python3.8/site-packages/Browser/wrapper/node_modules/playwright/lib/client/frame.js:197:21)
    at /home/edson/.local/lib/python3.8/site-packages/Browser/wrapper/node_modules/playwright/lib/client/page.js:241:60
    at Page._attributeToPage (/home/edson/.local/lib/python3.8/site-packages/Browser/wrapper/node_modules/playwright/lib/client/page.js:231:20)
    at Page.waitForSelector (/home/edson/.local/lib/python3.8/site-packages/Browser/wrapper/node_modules/playwright/lib/client/page.js:241:21)
    at Object.<anonymous> (/home/edson/.local/lib/python3.8/site-packages/Browser/wrapper/index.js:68911:50)
=============================================================
================= Original suppressed error =================
page.waitForSelector: Evaluation failed: DOMException: Failed to execute 'evaluate' on 'Document': The string '(//form//span)[RANGE])' is not a valid XPath expression.
    at Object.query (<anonymous>:2868:29)
    at InjectedScript._queryEngine (<anonymous>:1591:47)
    at InjectedScript._querySelectorRecursively (<anonymous>:1547:25)
    at InjectedScript.querySelector (<anonymous>:1538:25)
    at eval (eval at evaluate (:303:29), <anonymous>:4:38)
    at onRaf (<anonymous>:1667:37)
    at <anonymous>:1677:13
    at Object.run (<anonymous>:1735:28)
    at eval (eval at evaluate (:303:29), <anonymous>:1:14)
    at UtilityScript.evaluate (<anonymous>:305:22)
=========================== logs ===========================
waiting for selector "xpath=(//form//span)[RANGE])"
============================================================
Note: use DEBUG=pw:api environment variable to capture Playwright logs.
Error
    at Object.captureStackTrace (/home/edson/.local/lib/python3.8/site-packages/Browser/wrapper/node_modules/playwright/lib/utils/stackTrace.js:48:19)
    at Connection.sendMessageToServer (/home/edson/.local/lib/python3.8/site-packages/Browser/wrapper/node_modules/playwright/lib/client/connection.js:69:48)
    at Proxy.<anonymous> (/home/edson/.local/lib/python3.8/site-packages/Browser/wrapper/node_modules/playwright/lib/client/channelOwner.js:64:61)
    at /home/edson/.local/lib/python3.8/site-packages/Browser/wrapper/node_modules/playwright/lib/client/frame.js:202:42
    at Frame._wrapApiCall (/home/edson/.local/lib/python3.8/site-packages/Browser/wrapper/node_modules/playwright/lib/client/channelOwner.js:77:34)
    at Frame.waitForSelector (/home/edson/.local/lib/python3.8/site-packages/Browser/wrapper/node_modules/playwright/lib/client/frame.js:197:21)
    at /home/edson/.local/lib/python3.8/site-packages/Browser/wrapper/node_modules/playwright/lib/client/page.js:241:60
    at Page._attributeToPage (/home/edson/.local/lib/python3.8/site-packages/Browser/wrapper/node_modules/playwright/lib/client/page.js:231:20)
    at Page.waitForSelector (/home/edson/.local/lib/python3.8/site-packages/Browser/wrapper/node_modules/playwright/lib/client/page.js:241:21)
    at Object.<anonymous> (/home/edson/.local/lib/python3.8/site-packages/Browser/wrapper/index.js:68911:50)
=============================================================
================= Original suppressed error =================
page.waitForSelector: Evaluation failed: DOMException: Failed to execute 'evaluate' on 'Document': The string '(//form//span)[RANGE])' is not a valid XPath expression.
    at Object.query (<anonymous>:2868:29)
    at InjectedScript._queryEngine (<anonymous>:1591:47)
    at InjectedScript._querySelectorRecursively (<anonymous>:1547:25)
    at InjectedScript.querySelector (<anonymous>:1538:25)
    at eval (eval at evaluate (:303:29), <anonymous>:4:38)
    at onRaf (<anonymous>:1667:37)
    at <anonymous>:1677:13
    at Object.run (<anonymous>:1735:28)
    at eval (eval at evaluate (:303:29), <anonymous>:1:14)
    at UtilityScript.evaluate (<anonymous>:305:22)
=========================== logs ===========================
waiting for selector "xpath=(//form//span)[RANGE])"
============================================================
Note: use DEBUG=pw:api environment variable to capture Playwright logs.
Error
    at Object.captureStackTrace (/home/edson/.local/lib/python3.8/site-packages/Browser/wrapper/node_modules/playwright/lib/utils/stackTrace.js:48:19)
    at Connection.sendMessageToServer (/home/edson/.local/lib/python3.8/site-packages/Browser/wrapper/node_modules/playwright/lib/client/connection.js:69:48)
    at Proxy.<anonymous> (/home/edson/.local/lib/python3.8/site-packages/Browser/wrapper/node_modules/playwright/lib/client/channelOwner.js:64:61)
    at /home/edson/.local/lib/python3.8/site-packages/Browser/wrapper/node_modules/playwright/lib/client/frame.js:202:42
    at Frame._wrapApiCall (/home/edson/.local/lib/python3.8/site-packages/Browser/wrapper/node_modules/playwright/lib/client/channelOwner.js:77:34)
    at Frame.waitForSelector (/home/edson/.local/lib/python3.8/site-packages/Browser/wrapper/node_modules/playwright/lib/client/frame.js:197:21)
    at /home/edson/.local/lib/python3.8/site-packages/Browser/wrapper/node_modules/playwright/lib/client/page.js:241:60
    at Page._attributeToPage (/home/edson/.local/lib/python3.8/site-packages/Browser/wrapper/node_modules/playwright/lib/client/page.js:231:20)
    at Page.waitForSelector (/home/edson/.local/lib/python3.8/site-packages/Browser/wrapper/node_modules/playwright/lib/client/page.js:241:21)
    at Object.<anonymous> (/home/edson/.local/lib/python3.8/site-packages/Browser/wrapper/index.js:68911:50)
=============================================================
================= Original suppressed error =================
page.waitForSelector: Evaluation failed: DOMException: Failed to execute 'evaluate' on 'Document': The string '(//form//span)[RANGE])' is not a valid XPath expression.
    at Object.query (<anonymous>:2868:29)
    at InjectedScript._queryEngine (<anonymous>:1591:47)
    at InjectedScript._querySelectorRecursively (<anonymous>:1547:25)
    at InjectedScript.querySelector (<anonymous>:1538:25)
    at eval (eval at evaluate (:303:29), <anonymous>:4:38)
    at onRaf (<anonymous>:1667:37)
    at <anonymous>:1677:13
    at Object.run (<anonymous>:1735:28)
    at eval (eval at evaluate (:303:29), <anonymous>:1:14)
    at UtilityScript.evaluate (<anonymous>:305:22)
=========================== logs ===========================
waiting for selector "xpath=(//form//span)[RANGE])"
============================================================
Note: use DEBUG=pw:api environment variable to capture Playwright logs.
Error
    at Object.captureStackTrace (/home/edson/.local/lib/python3.8/site-packages/Browser/wrapper/node_modules/playwright/lib/utils/stackTrace.js:48:19)
    at Connection.sendMessageToServer (/home/edson/.local/lib/python3.8/site-packages/Browser/wrapper/node_modules/playwright/lib/client/connection.js:69:48)
    at Proxy.<anonymous> (/home/edson/.local/lib/python3.8/site-packages/Browser/wrapper/node_modules/playwright/lib/client/channelOwner.js:64:61)
    at /home/edson/.local/lib/python3.8/site-packages/Browser/wrapper/node_modules/playwright/lib/client/frame.js:202:42
    at Frame._wrapApiCall (/home/edson/.local/lib/python3.8/site-packages/Browser/wrapper/node_modules/playwright/lib/client/channelOwner.js:77:34)
    at Frame.waitForSelector (/home/edson/.local/lib/python3.8/site-packages/Browser/wrapper/node_modules/playwright/lib/client/frame.js:197:21)
    at /home/edson/.local/lib/python3.8/site-packages/Browser/wrapper/node_modules/playwright/lib/client/page.js:241:60
    at Page._attributeToPage (/home/edson/.local/lib/python3.8/site-packages/Browser/wrapper/node_modules/playwright/lib/client/page.js:231:20)
    at Page.waitForSelector (/home/edson/.local/lib/python3.8/site-packages/Browser/wrapper/node_modules/playwright/lib/client/page.js:241:21)
    at Object.<anonymous> (/home/edson/.local/lib/python3.8/site-packages/Browser/wrapper/index.js:68911:50)
=============================================================
================= Original suppressed error =================
page.waitForSelector: Evaluation failed: DOMException: Failed to execute 'evaluate' on 'Document': The string '(//form//span)[RANGE])' is not a valid XPath expression.
    at Object.query (<anonymous>:2868:29)
    at InjectedScript._queryEngine (<anonymous>:1591:47)
    at InjectedScript._querySelectorRecursively (<anonymous>:1547:25)
    at InjectedScript.querySelector (<anonymous>:1538:25)
    at eval (eval at evaluate (:303:29), <anonymous>:4:38)
    at onRaf (<anonymous>:1667:37)
    at <anonymous>:1677:13
    at Object.run (<anonymous>:1735:28)
    at eval (eval at evaluate (:303:29), <anonymous>:1:14)
    at UtilityScript.evaluate (<anonymous>:305:22)
=========================== logs ===========================
waiting for selector "xpath=(//form//span)[RANGE])"
============================================================
Note: use DEBUG=pw:api environment variable to capture Playwright logs.
Error
    at Object.captureStackTrace (/home/edson/.local/lib/python3.8/site-packages/Browser/wrapper/node_modules/playwright/lib/utils/stackTrace.js:48:19)
    at Connection.sendMessageToServer (/home/edson/.local/lib/python3.8/site-packages/Browser/wrapper/node_modules/playwright/lib/client/connection.js:69:48)
    at Proxy.<anonymous> (/home/edson/.local/lib/python3.8/site-packages/Browser/wrapper/node_modules/playwright/lib/client/channelOwner.js:64:61)
    at /home/edson/.local/lib/python3.8/site-packages/Browser/wrapper/node_modules/playwright/lib/client/frame.js:202:42
    at Frame._wrapApiCall (/home/edson/.local/lib/python3.8/site-packages/Browser/wrapper/node_modules/playwright/lib/client/channelOwner.js:77:34)
    at Frame.waitForSelector (/home/edson/.local/lib/python3.8/site-packages/Browser/wrapper/node_modules/playwright/lib/client/frame.js:197:21)
    at /home/edson/.local/lib/python3.8/site-packages/Browser/wrapper/node_modules/playwright/lib/client/page.js:241:60
    at Page._attributeToPage (/home/edson/.local/lib/python3.8/site-packages/Browser/wrapper/node_modules/playwright/lib/client/page.js:231:20)
    at Page.waitForSelector (/home/edson/.local/lib/python3.8/site-packages/Browser/wrapper/node_modules/playwright/lib/client/page.js:241:21)
    at Object.<anonymous> (/home/edson/.local/lib/python3.8/site-packages/Browser/wrapper/index.js:68911:50)
=============================================================
================= Original suppressed error =================
page.waitForSelector: Evaluation failed: DOMException: Failed to execute 'evaluate' on 'Document': The string '(//form//span)[RANGE])' is not a valid XPath expression.
    at Object.query (<anonymous>:2868:29)
    at InjectedScript._queryEngine (<anonymous>:1591:47)
    at InjectedScript._querySelectorRecursively (<anonymous>:1547:25)
    at InjectedScript.querySelector (<anonymous>:1538:25)
    at eval (eval at evaluate (:303:29), <anonymous>:4:38)
    at onRaf (<anonymous>:1667:37)
    at <anonymous>:1677:13
    at Object.run (<anonymous>:1735:28)
    at eval (eval at evaluate (:303:29), <anonymous>:1:14)
    at UtilityScript.evaluate (<anonymous>:305:22)
=========================== logs ===========================
waiting for selector "xpath=(//form//span)[RANGE])"
============================================================
Note: use DEBUG=pw:api environment variable to capture Playwright logs.
Error
    at Object.captureStackTrace (/home/edson/.local/lib/python3.8/site-packages/Browser/wrapper/node_modules/playwright/lib/utils/stackTrace.js:48:19)
    at Connection.sendMessageToServer (/home/edson/.local/lib/python3.8/site-packages/Browser/wrapper/node_modules/playwright/lib/client/connection.js:69:48)
    at Proxy.<anonymous> (/home/edson/.local/lib/python3.8/site-packages/Browser/wrapper/node_modules/playwright/lib/client/channelOwner.js:64:61)
    at /home/edson/.local/lib/python3.8/site-packages/Browser/wrapper/node_modules/playwright/lib/client/frame.js:202:42
    at Frame._wrapApiCall (/home/edson/.local/lib/python3.8/site-packages/Browser/wrapper/node_modules/playwright/lib/client/channelOwner.js:77:34)
    at Frame.waitForSelector (/home/edson/.local/lib/python3.8/site-packages/Browser/wrapper/node_modules/playwright/lib/client/frame.js:197:21)
    at /home/edson/.local/lib/python3.8/site-packages/Browser/wrapper/node_modules/playwright/lib/client/page.js:241:60
    at Page._attributeToPage (/home/edson/.local/lib/python3.8/site-packages/Browser/wrapper/node_modules/playwright/lib/client/page.js:231:20)
    at Page.waitForSelector (/home/edson/.local/lib/python3.8/site-packages/Browser/wrapper/node_modules/playwright/lib/client/page.js:241:21)
    at Object.<anonymous> (/home/edson/.local/lib/python3.8/site-packages/Browser/wrapper/index.js:68911:50)
=============================================================
================= Original suppressed error =================
page.waitForSelector: Evaluation failed: DOMException: Failed to execute 'evaluate' on 'Document': The string '(//form//span)[RANGE])' is not a valid XPath expression.
    at Object.query (<anonymous>:2868:29)
    at InjectedScript._queryEngine (<anonymous>:1591:47)
    at InjectedScript._querySelectorRecursively (<anonymous>:1547:25)
    at InjectedScript.querySelector (<anonymous>:1538:25)
    at eval (eval at evaluate (:303:29), <anonymous>:4:38)
    at onRaf (<anonymous>:1667:37)
    at <anonymous>:1677:13
    at Object.run (<anonymous>:1735:28)
    at eval (eval at evaluate (:303:29), <anonymous>:1:14)
    at UtilityScript.evaluate (<anonymous>:305:22)
=========================== logs ===========================
waiting for selector "xpath=(//form//span)[RANGE])"
============================================================
Note: use DEBUG=pw:api environment variable to capture Playwright logs.
Error
    at Object.captureStackTrace (/home/edson/.local/lib/python3.8/site-packages/Browser/wrapper/node_modules/playwright/lib/utils/stackTrace.js:48:19)
    at Connection.sendMessageToServer (/home/edson/.local/lib/python3.8/site-packages/Browser/wrapper/node_modules/playwright/lib/client/connection.js:69:48)
    at Proxy.<anonymous> (/home/edson/.local/lib/python3.8/site-packages/Browser/wrapper/node_modules/playwright/lib/client/channelOwner.js:64:61)
    at /home/edson/.local/lib/python3.8/site-packages/Browser/wrapper/node_modules/playwright/lib/client/frame.js:202:42
    at Frame._wrapApiCall (/home/edson/.local/lib/python3.8/site-packages/Browser/wrapper/node_modules/playwright/lib/client/channelOwner.js:77:34)
    at Frame.waitForSelector (/home/edson/.local/lib/python3.8/site-packages/Browser/wrapper/node_modules/playwright/lib/client/frame.js:197:21)
    at /home/edson/.local/lib/python3.8/site-packages/Browser/wrapper/node_modules/playwright/lib/client/page.js:241:60
    at Page._attributeToPage (/home/edson/.local/lib/python3.8/site-packages/Browser/wrapper/node_modules/playwright/lib/client/page.js:231:20)
    at Page.waitForSelector (/home/edson/.local/lib/python3.8/site-packages/Browser/wrapper/node_modules/playwright/lib/client/page.js:241:21)
    at Object.<anonymous> (/home/edson/.local/lib/python3.8/site-packages/Browser/wrapper/index.js:68911:50)
=============================================================
================= Original suppressed error =================
page.waitForSelector: Evaluation failed: DOMException: Failed to execute 'evaluate' on 'Document': The string '(//form//span)[RANGE])' is not a valid XPath expression.
    at Object.query (<anonymous>:2868:29)
    at InjectedScript._queryEngine (<anonymous>:1591:47)
    at InjectedScript._querySelectorRecursively (<anonymous>:1547:25)
    at InjectedScript.querySelector (<anonymous>:1538:25)
    at eval (eval at evaluate (:303:29), <anonymous>:4:38)
    at onRaf (<anonymous>:1667:37)
    at <anonymous>:1677:13
    at Object.run (<anonymous>:1735:28)
    at eval (eval at evaluate (:303:29), <anonymous>:1:14)
    at UtilityScript.evaluate (<anonymous>:305:22)
=========================== logs ===========================
waiting for selector "xpath=(//form//span)[RANGE])"
============================================================
Note: use DEBUG=pw:api environment variable to capture Playwright logs.
Error
    at Object.captureStackTrace (/home/edson/.local/lib/python3.8/site-packages/Browser/wrapper/node_modules/playwright/lib/utils/stackTrace.js:48:19)
    at Connection.sendMessageToServer (/home/edson/.local/lib/python3.8/site-packages/Browser/wrapper/node_modules/playwright/lib/client/connection.js:69:48)
    at Proxy.<anonymous> (/home/edson/.local/lib/python3.8/site-packages/Browser/wrapper/node_modules/playwright/lib/client/channelOwner.js:64:61)
    at /home/edson/.local/lib/python3.8/site-packages/Browser/wrapper/node_modules/playwright/lib/client/frame.js:202:42
    at Frame._wrapApiCall (/home/edson/.local/lib/python3.8/site-packages/Browser/wrapper/node_modules/playwright/lib/client/channelOwner.js:77:34)
    at Frame.waitForSelector (/home/edson/.local/lib/python3.8/site-packages/Browser/wrapper/node_modules/playwright/lib/client/frame.js:197:21)
    at /home/edson/.local/lib/python3.8/site-packages/Browser/wrapper/node_modules/playwright/lib/client/page.js:241:60
    at Page._attributeToPage (/home/edson/.local/lib/python3.8/site-packages/Browser/wrapper/node_modules/playwright/lib/client/page.js:231:20)
    at Page.waitForSelector (/home/edson/.local/lib/python3.8/site-packages/Browser/wrapper/node_modules/playwright/lib/client/page.js:241:21)
    at Object.<anonymous> (/home/edson/.local/lib/python3.8/site-packages/Browser/wrapper/index.js:68911:50)
=============================================================
================= Original suppressed error =================
page.waitForSelector: Evaluation failed: DOMException: Failed to execute 'evaluate' on 'Document': The string '(//form//span)[RANGE])' is not a valid XPath expression.
    at Object.query (<anonymous>:2868:29)
    at InjectedScript._queryEngine (<anonymous>:1591:47)
    at InjectedScript._querySelectorRecursively (<anonymous>:1547:25)
    at InjectedScript.querySelector (<anonymous>:1538:25)
    at eval (eval at evaluate (:303:29), <anonymous>:4:38)
    at onRaf (<anonymous>:1667:37)
    at <anonymous>:1677:13
    at Object.run (<anonymous>:1735:28)
    at eval (eval at evaluate (:303:29), <anonymous>:1:14)
    at UtilityScript.evaluate (<anonymous>:305:22)
=========================== logs ===========================
waiting for selector "xpath=(//form//span)[RANGE])"
============================================================
Note: use DEBUG=pw:api environment variable to capture Playwright logs.
Error
    at Object.captureStackTrace (/home/edson/.local/lib/python3.8/site-packages/Browser/wrapper/node_modules/playwright/lib/utils/stackTrace.js:48:19)
    at Connection.sendMessageToServer (/home/edson/.local/lib/python3.8/site-packages/Browser/wrapper/node_modules/playwright/lib/client/connection.js:69:48)
    at Proxy.<anonymous> (/home/edson/.local/lib/python3.8/site-packages/Browser/wrapper/node_modules/playwright/lib/client/channelOwner.js:64:61)
    at /home/edson/.local/lib/python3.8/site-packages/Browser/wrapper/node_modules/playwright/lib/client/frame.js:202:42
    at Frame._wrapApiCall (/home/edson/.local/lib/python3.8/site-packages/Browser/wrapper/node_modules/playwright/lib/client/channelOwner.js:77:34)
    at Frame.waitForSelector (/home/edson/.local/lib/python3.8/site-packages/Browser/wrapper/node_modules/playwright/lib/client/frame.js:197:21)
    at /home/edson/.local/lib/python3.8/site-packages/Browser/wrapper/node_modules/playwright/lib/client/page.js:241:60
    at Page._attributeToPage (/home/edson/.local/lib/python3.8/site-packages/Browser/wrapper/node_modules/playwright/lib/client/page.js:231:20)
    at Page.waitForSelector (/home/edson/.local/lib/python3.8/site-packages/Browser/wrapper/node_modules/playwright/lib/client/page.js:241:21)
    at Object.<anonymous> (/home/edson/.local/lib/python3.8/site-packages/Browser/wrapper/index.js:68911:50)
=============================================================
================= Original suppressed error =================
page.waitForSelector: Evaluation failed: DOMException: Failed to execute 'evaluate' on 'Document': The string '(//form//span)[RANGE])' is not a valid XPath expression.
    at Object.query (<anonymous>:2868:29)
    at InjectedScript._queryEngine (<anonymous>:1591:47)
    at InjectedScript._querySelectorRecursively (<anonymous>:1547:25)
    at InjectedScript.querySelector (<anonymous>:1538:25)
    at eval (eval at evaluate (:303:29), <anonymous>:4:38)
    at onRaf (<anonymous>:1667:37)
    at <anonymous>:1677:13
    at Object.run (<anonymous>:1735:28)
    at eval (eval at evaluate (:303:29), <anonymous>:1:14)
    at UtilityScript.evaluate (<anonymous>:305:22)
=========================== logs ===========================
waiting for selector "xpath=(//form//span)[RANGE])"
============================================================
Note: use DEBUG=pw:api environment variable to capture Playwright logs.
Error
    at Object.captureStackTrace (/home/edson/.local/lib/python3.8/site-packages/Browser/wrapper/node_modules/playwright/lib/utils/stackTrace.js:48:19)
    at Connection.sendMessageToServer (/home/edson/.local/lib/python3.8/site-packages/Browser/wrapper/node_modules/playwright/lib/client/connection.js:69:48)
    at Proxy.<anonymous> (/home/edson/.local/lib/python3.8/site-packages/Browser/wrapper/node_modules/playwright/lib/client/channelOwner.js:64:61)
    at /home/edson/.local/lib/python3.8/site-packages/Browser/wrapper/node_modules/playwright/lib/client/frame.js:202:42
    at Frame._wrapApiCall (/home/edson/.local/lib/python3.8/site-packages/Browser/wrapper/node_modules/playwright/lib/client/channelOwner.js:77:34)
    at Frame.waitForSelector (/home/edson/.local/lib/python3.8/site-packages/Browser/wrapper/node_modules/playwright/lib/client/frame.js:197:21)
    at /home/edson/.local/lib/python3.8/site-packages/Browser/wrapper/node_modules/playwright/lib/client/page.js:241:60
    at Page._attributeToPage (/home/edson/.local/lib/python3.8/site-packages/Browser/wrapper/node_modules/playwright/lib/client/page.js:231:20)
    at Page.waitForSelector (/home/edson/.local/lib/python3.8/site-packages/Browser/wrapper/node_modules/playwright/lib/client/page.js:241:21)
    at Object.<anonymous> (/home/edson/.local/lib/python3.8/site-packages/Browser/wrapper/index.js:68911:50)
=============================================================
================= Original suppressed error =================
page.waitForSelector: Evaluation failed: DOMException: Failed to execute 'evaluate' on 'Document': The string '(//form//span)[RANGE])' is not a valid XPath expression.
    at Object.query (<anonymous>:2868:29)
    at InjectedScript._queryEngine (<anonymous>:1591:47)
    at InjectedScript._querySelectorRecursively (<anonymous>:1547:25)
    at InjectedScript.querySelector (<anonymous>:1538:25)
    at eval (eval at evaluate (:303:29), <anonymous>:4:38)
    at onRaf (<anonymous>:1667:37)
    at <anonymous>:1677:13
    at Object.run (<anonymous>:1735:28)
    at eval (eval at evaluate (:303:29), <anonymous>:1:14)
    at UtilityScript.evaluate (<anonymous>:305:22)
=========================== logs ===========================
waiting for selector "xpath=(//form//span)[RANGE])"
============================================================
Note: use DEBUG=pw:api environment variable to capture Playwright logs.
Error
    at Object.captureStackTrace (/home/edson/.local/lib/python3.8/site-packages/Browser/wrapper/node_modules/playwright/lib/utils/stackTrace.js:48:19)
    at Connection.sendMessageToServer (/home/edson/.local/lib/python3.8/site-packages/Browser/wrapper/node_modules/playwright/lib/client/connection.js:69:48)
    at Proxy.<anonymous> (/home/edson/.local/lib/python3.8/site-packages/Browser/wrapper/node_modules/playwright/lib/client/channelOwner.js:64:61)
    at /home/edson/.local/lib/python3.8/site-packages/Browser/wrapper/node_modules/playwright/lib/client/frame.js:202:42
    at Frame._wrapApiCall (/home/edson/.local/lib/python3.8/site-packages/Browser/wrapper/node_modules/playwright/lib/client/channelOwner.js:77:34)
    at Frame.waitForSelector (/home/edson/.local/lib/python3.8/site-packages/Browser/wrapper/node_modules/playwright/lib/client/frame.js:197:21)
    at /home/edson/.local/lib/python3.8/site-packages/Browser/wrapper/node_modules/playwright/lib/client/page.js:241:60
    at Page._attributeToPage (/home/edson/.local/lib/python3.8/site-packages/Browser/wrapper/node_modules/playwright/lib/client/page.js:231:20)
    at Page.waitForSelector (/home/edson/.local/lib/python3.8/site-packages/Browser/wrapper/node_modules/playwright/lib/client/page.js:241:21)
    at Object.<anonymous> (/home/edson/.local/lib/python3.8/site-packages/Browser/wrapper/index.js:68911:50)
=============================================================
================= Original suppressed error =================
page.waitForSelector: Evaluation failed: DOMException: Failed to execute 'evaluate' on 'Document': The string '(//form//span)[RANGE])' is not a valid XPath expression.
    at Object.query (<anonymous>:2868:29)
    at InjectedScript._queryEngine (<anonymous>:1591:47)
    at InjectedScript._querySelectorRecursively (<anonymous>:1547:25)
    at InjectedScript.querySelector (<anonymous>:1538:25)
    at eval (eval at evaluate (:303:29), <anonymous>:4:38)
    at onRaf (<anonymous>:1667:37)
    at <anonymous>:1677:13
    at Object.run (<anonymous>:1735:28)
    at eval (eval at evaluate (:303:29), <anonymous>:1:14)
    at UtilityScript.evaluate (<anonymous>:305:22)
=========================== logs ===========================
waiting for selector "xpath=(//form//span)[RANGE])"
============================================================
Note: use DEBUG=pw:api environment variable to capture Playwright logs.
Error
    at Object.captureStackTrace (/home/edson/.local/lib/python3.8/site-packages/Browser/wrapper/node_modules/playwright/lib/utils/stackTrace.js:48:19)
    at Connection.sendMessageToServer (/home/edson/.local/lib/python3.8/site-packages/Browser/wrapper/node_modules/playwright/lib/client/connection.js:69:48)
    at Proxy.<anonymous> (/home/edson/.local/lib/python3.8/site-packages/Browser/wrapper/node_modules/playwright/lib/client/channelOwner.js:64:61)
    at /home/edson/.local/lib/python3.8/site-packages/Browser/wrapper/node_modules/playwright/lib/client/frame.js:202:42
    at Frame._wrapApiCall (/home/edson/.local/lib/python3.8/site-packages/Browser/wrapper/node_modules/playwright/lib/client/channelOwner.js:77:34)
    at Frame.waitForSelector (/home/edson/.local/lib/python3.8/site-packages/Browser/wrapper/node_modules/playwright/lib/client/frame.js:197:21)
    at /home/edson/.local/lib/python3.8/site-packages/Browser/wrapper/node_modules/playwright/lib/client/page.js:241:60
    at Page._attributeToPage (/home/edson/.local/lib/python3.8/site-packages/Browser/wrapper/node_modules/playwright/lib/client/page.js:231:20)
    at Page.waitForSelector (/home/edson/.local/lib/python3.8/site-packages/Browser/wrapper/node_modules/playwright/lib/client/page.js:241:21)
    at Object.<anonymous> (/home/edson/.local/lib/python3.8/site-packages/Browser/wrapper/index.js:68911:50)
=============================================================
================= Original suppressed error =================
page.waitForSelector: Evaluation failed: DOMException: Failed to execute 'evaluate' on 'Document': The string '(//form//span)[RANGE])' is not a valid XPath expression.
    at Object.query (<anonymous>:2868:29)
    at InjectedScript._queryEngine (<anonymous>:1591:47)
    at InjectedScript._querySelectorRecursively (<anonymous>:1547:25)
    at InjectedScript.querySelector (<anonymous>:1538:25)
    at eval (eval at evaluate (:303:29), <anonymous>:4:38)
    at onRaf (<anonymous>:1667:37)
    at <anonymous>:1677:13
    at Object.run (<anonymous>:1735:28)
    at eval (eval at evaluate (:303:29), <anonymous>:1:14)
    at UtilityScript.evaluate (<anonymous>:305:22)
=========================== logs ===========================
waiting for selector "xpath=(//form//span)[RANGE])"
============================================================
Note: use DEBUG=pw:api environment variable to capture Playwright logs.
Error
    at Object.captureStackTrace (/home/edson/.local/lib/python3.8/site-packages/Browser/wrapper/node_modules/playwright/lib/utils/stackTrace.js:48:19)
    at Connection.sendMessageToServer (/home/edson/.local/lib/python3.8/site-packages/Browser/wrapper/node_modules/playwright/lib/client/connection.js:69:48)
    at Proxy.<anonymous> (/home/edson/.local/lib/python3.8/site-packages/Browser/wrapper/node_modules/playwright/lib/client/channelOwner.js:64:61)
    at /home/edson/.local/lib/python3.8/site-packages/Browser/wrapper/node_modules/playwright/lib/client/frame.js:202:42
    at Frame._wrapApiCall (/home/edson/.local/lib/python3.8/site-packages/Browser/wrapper/node_modules/playwright/lib/client/channelOwner.js:77:34)
    at Frame.waitForSelector (/home/edson/.local/lib/python3.8/site-packages/Browser/wrapper/node_modules/playwright/lib/client/frame.js:197:21)
    at /home/edson/.local/lib/python3.8/site-packages/Browser/wrapper/node_modules/playwright/lib/client/page.js:241:60
    at Page._attributeToPage (/home/edson/.local/lib/python3.8/site-packages/Browser/wrapper/node_modules/playwright/lib/client/page.js:231:20)
    at Page.waitForSelector (/home/edson/.local/lib/python3.8/site-packages/Browser/wrapper/node_modules/playwright/lib/client/page.js:241:21)
    at Object.<anonymous> (/home/edson/.local/lib/python3.8/site-packages/Browser/wrapper/index.js:68911:50)
=============================================================
================= Original suppressed error =================
page.waitForSelector: Evaluation failed: DOMException: Failed to execute 'evaluate' on 'Document': The string '(//form//span)[RANGE])' is not a valid XPath expression.
    at Object.query (<anonymous>:2868:29)
    at InjectedScript._queryEngine (<anonymous>:1591:47)
    at InjectedScript._querySelectorRecursively (<anonymous>:1547:25)
    at InjectedScript.querySelector (<anonymous>:1538:25)
    at eval (eval at evaluate (:303:29), <anonymous>:4:38)
    at onRaf (<anonymous>:1667:37)
    at <anonymous>:1677:13
    at Object.run (<anonymous>:1735:28)
    at eval (eval at evaluate (:303:29), <anonymous>:1:14)
    at UtilityScript.evaluate (<anonymous>:305:22)
=========================== logs ===========================
waiting for selector "xpath=(//form//span)[RANGE])"
============================================================
Note: use DEBUG=pw:api environment variable to capture Playwright logs.
Error
    at Object.captureStackTrace (/home/edson/.local/lib/python3.8/site-packages/Browser/wrapper/node_modules/playwright/lib/utils/stackTrace.js:48:19)
    at Connection.sendMessageToServer (/home/edson/.local/lib/python3.8/site-packages/Browser/wrapper/node_modules/playwright/lib/client/connection.js:69:48)
    at Proxy.<anonymous> (/home/edson/.local/lib/python3.8/site-packages/Browser/wrapper/node_modules/playwright/lib/client/channelOwner.js:64:61)
    at /home/edson/.local/lib/python3.8/site-packages/Browser/wrapper/node_modules/playwright/lib/client/frame.js:202:42
    at Frame._wrapApiCall (/home/edson/.local/lib/python3.8/site-packages/Browser/wrapper/node_modules/playwright/lib/client/channelOwner.js:77:34)
    at Frame.waitForSelector (/home/edson/.local/lib/python3.8/site-packages/Browser/wrapper/node_modules/playwright/lib/client/frame.js:197:21)
    at /home/edson/.local/lib/python3.8/site-packages/Browser/wrapper/node_modules/playwright/lib/client/page.js:241:60
    at Page._attributeToPage (/home/edson/.local/lib/python3.8/site-packages/Browser/wrapper/node_modules/playwright/lib/client/page.js:231:20)
    at Page.waitForSelector (/home/edson/.local/lib/python3.8/site-packages/Browser/wrapper/node_modules/playwright/lib/client/page.js:241:21)
    at Object.<anonymous> (/home/edson/.local/lib/python3.8/site-packages/Browser/wrapper/index.js:68911:50)
=============================================================
================= Original suppressed error =================
page.waitForSelector: Evaluation failed: DOMException: Failed to execute 'evaluate' on 'Document': The string '(//form//span)[RANGE])' is not a valid XPath expression.
    at Object.query (<anonymous>:2868:29)
    at InjectedScript._queryEngine (<anonymous>:1591:47)
    at InjectedScript._querySelectorRecursively (<anonymous>:1547:25)
    at InjectedScript.querySelector (<anonymous>:1538:25)
    at eval (eval at evaluate (:303:29), <anonymous>:4:38)
    at onRaf (<anonymous>:1667:37)
    at <anonymous>:1677:13
    at Object.run (<anonymous>:1735:28)
    at eval (eval at evaluate (:303:29), <anonymous>:1:14)
    at UtilityScript.evaluate (<anonymous>:305:22)
=========================== logs ===========================
waiting for selector "xpath=(//form//span)[RANGE])"
============================================================
Note: use DEBUG=pw:api environment variable to capture Playwright logs.
Error
    at Object.captureStackTrace (/home/edson/.local/lib/python3.8/site-packages/Browser/wrapper/node_modules/playwright/lib/utils/stackTrace.js:48:19)
    at Connection.sendMessageToServer (/home/edson/.local/lib/python3.8/site-packages/Browser/wrapper/node_modules/playwright/lib/client/connection.js:69:48)
    at Proxy.<anonymous> (/home/edson/.local/lib/python3.8/site-packages/Browser/wrapper/node_modules/playwright/lib/client/channelOwner.js:64:61)
    at /home/edson/.local/lib/python3.8/site-packages/Browser/wrapper/node_modules/playwright/lib/client/frame.js:202:42
    at Frame._wrapApiCall (/home/edson/.local/lib/python3.8/site-packages/Browser/wrapper/node_modules/playwright/lib/client/channelOwner.js:77:34)
    at Frame.waitForSelector (/home/edson/.local/lib/python3.8/site-packages/Browser/wrapper/node_modules/playwright/lib/client/frame.js:197:21)
    at /home/edson/.local/lib/python3.8/site-packages/Browser/wrapper/node_modules/playwright/lib/client/page.js:241:60
    at Page._attributeToPage (/home/edson/.local/lib/python3.8/site-packages/Browser/wrapper/node_modules/playwright/lib/client/page.js:231:20)
    at Page.waitForSelector (/home/edson/.local/lib/python3.8/site-packages/Browser/wrapper/node_modules/playwright/lib/client/page.js:241:21)
    at Object.<anonymous> (/home/edson/.local/lib/python3.8/site-packages/Browser/wrapper/index.js:68911:50)
=============================================================
================= Original suppressed error =================
page.waitForSelector: Evaluation failed: DOMException: Failed to execute 'evaluate' on 'Document': The string '(//form//span)[RANGE])' is not a valid XPath expression.
    at Object.query (<anonymous>:2868:29)
    at InjectedScript._queryEngine (<anonymous>:1591:47)
    at InjectedScript._querySelectorRecursively (<anonymous>:1547:25)
    at InjectedScript.querySelector (<anonymous>:1538:25)
    at eval (eval at evaluate (:303:29), <anonymous>:4:38)
    at onRaf (<anonymous>:1667:37)
    at <anonymous>:1677:13
    at Object.run (<anonymous>:1735:28)
    at eval (eval at evaluate (:303:29), <anonymous>:1:14)
    at UtilityScript.evaluate (<anonymous>:305:22)
=========================== logs ===========================
waiting for selector "xpath=(//form//span)[RANGE])"
============================================================
Note: use DEBUG=pw:api environment variable to capture Playwright logs.
Error
    at Object.captureStackTrace (/home/edson/.local/lib/python3.8/site-packages/Browser/wrapper/node_modules/playwright/lib/utils/stackTrace.js:48:19)
    at Connection.sendMessageToServer (/home/edson/.local/lib/python3.8/site-packages/Browser/wrapper/node_modules/playwright/lib/client/connection.js:69:48)
    at Proxy.<anonymous> (/home/edson/.local/lib/python3.8/site-packages/Browser/wrapper/node_modules/playwright/lib/client/channelOwner.js:64:61)
    at /home/edson/.local/lib/python3.8/site-packages/Browser/wrapper/node_modules/playwright/lib/client/frame.js:202:42
    at Frame._wrapApiCall (/home/edson/.local/lib/python3.8/site-packages/Browser/wrapper/node_modules/playwright/lib/client/channelOwner.js:77:34)
    at Frame.waitForSelector (/home/edson/.local/lib/python3.8/site-packages/Browser/wrapper/node_modules/playwright/lib/client/frame.js:197:21)
    at /home/edson/.local/lib/python3.8/site-packages/Browser/wrapper/node_modules/playwright/lib/client/page.js:241:60
    at Page._attributeToPage (/home/edson/.local/lib/python3.8/site-packages/Browser/wrapper/node_modules/playwright/lib/client/page.js:231:20)
    at Page.waitForSelector (/home/edson/.local/lib/python3.8/site-packages/Browser/wrapper/node_modules/playwright/lib/client/page.js:241:21)
    at Object.<anonymous> (/home/edson/.local/lib/python3.8/site-packages/Browser/wrapper/index.js:68911:50)
=============================================================
================= Original suppressed error =================
page.waitForSelector: Evaluation failed: DOMException: Failed to execute 'evaluate' on 'Document': The string '(//form//span)[RANGE])' is not a valid XPath expression.
    at Object.query (<anonymous>:2868:29)
    at InjectedScript._queryEngine (<anonymous>:1591:47)
    at InjectedScript._querySelectorRecursively (<anonymous>:1547:25)
    at InjectedScript.querySelector (<anonymous>:1538:25)
    at eval (eval at evaluate (:303:29), <anonymous>:4:38)
    at onRaf (<anonymous>:1667:37)
    at <anonymous>:1677:13
    at Object.run (<anonymous>:1735:28)
    at eval (eval at evaluate (:303:29), <anonymous>:1:14)
    at UtilityScript.evaluate (<anonymous>:305:22)
=========================== logs ===========================
waiting for selector "xpath=(//form//span)[RANGE])"
============================================================
Note: use DEBUG=pw:api environment variable to capture Playwright logs.
Error
    at Object.captureStackTrace (/home/edson/.local/lib/python3.8/site-packages/Browser/wrapper/node_modules/playwright/lib/utils/stackTrace.js:48:19)
    at Connection.sendMessageToServer (/home/edson/.local/lib/python3.8/site-packages/Browser/wrapper/node_modules/playwright/lib/client/connection.js:69:48)
    at Proxy.<anonymous> (/home/edson/.local/lib/python3.8/site-packages/Browser/wrapper/node_modules/playwright/lib/client/channelOwner.js:64:61)
    at /home/edson/.local/lib/python3.8/site-packages/Browser/wrapper/node_modules/playwright/lib/client/frame.js:202:42
    at Frame._wrapApiCall (/home/edson/.local/lib/python3.8/site-packages/Browser/wrapper/node_modules/playwright/lib/client/channelOwner.js:77:34)
    at Frame.waitForSelector (/home/edson/.local/lib/python3.8/site-packages/Browser/wrapper/node_modules/playwright/lib/client/frame.js:197:21)
    at /home/edson/.local/lib/python3.8/site-packages/Browser/wrapper/node_modules/playwright/lib/client/page.js:241:60
    at Page._attributeToPage (/home/edson/.local/lib/python3.8/site-packages/Browser/wrapper/node_modules/playwright/lib/client/page.js:231:20)
    at Page.waitForSelector (/home/edson/.local/lib/python3.8/site-packages/Browser/wrapper/node_modules/playwright/lib/client/page.js:241:21)
    at Object.<anonymous> (/home/edson/.local/lib/python3.8/site-packages/Browser/wrapper/index.js:68911:50)
=============================================================
================= Original suppressed error =================
page.waitForSelector: Evaluation failed: DOMException: Failed to execute 'evaluate' on 'Document': The string '(//form//span)[RANGE])' is not a valid XPath expression.
    at Object.query (<anonymous>:2868:29)
    at InjectedScript._queryEngine (<anonymous>:1591:47)
    at InjectedScript._querySelectorRecursively (<anonymous>:1547:25)
    at InjectedScript.querySelector (<anonymous>:1538:25)
    at eval (eval at evaluate (:303:29), <anonymous>:4:38)
    at onRaf (<anonymous>:1667:37)
    at <anonymous>:1677:13
    at Object.run (<anonymous>:1735:28)
    at eval (eval at evaluate (:303:29), <anonymous>:1:14)
    at UtilityScript.evaluate (<anonymous>:305:22)
=========================== logs ===========================
waiting for selector "xpath=(//form//span)[RANGE])"
============================================================
Note: use DEBUG=pw:api environment variable to capture Playwright logs.
Error
    at Object.captureStackTrace (/home/edson/.local/lib/python3.8/site-packages/Browser/wrapper/node_modules/playwright/lib/utils/stackTrace.js:48:19)
    at Connection.sendMessageToServer (/home/edson/.local/lib/python3.8/site-packages/Browser/wrapper/node_modules/playwright/lib/client/connection.js:69:48)
    at Proxy.<anonymous> (/home/edson/.local/lib/python3.8/site-packages/Browser/wrapper/node_modules/playwright/lib/client/channelOwner.js:64:61)
    at /home/edson/.local/lib/python3.8/site-packages/Browser/wrapper/node_modules/playwright/lib/client/frame.js:202:42
    at Frame._wrapApiCall (/home/edson/.local/lib/python3.8/site-packages/Browser/wrapper/node_modules/playwright/lib/client/channelOwner.js:77:34)
    at Frame.waitForSelector (/home/edson/.local/lib/python3.8/site-packages/Browser/wrapper/node_modules/playwright/lib/client/frame.js:197:21)
    at /home/edson/.local/lib/python3.8/site-packages/Browser/wrapper/node_modules/playwright/lib/client/page.js:241:60
    at Page._attributeToPage (/home/edson/.local/lib/python3.8/site-packages/Browser/wrapper/node_modules/playwright/lib/client/page.js:231:20)
    at Page.waitForSelector (/home/edson/.local/lib/python3.8/site-packages/Browser/wrapper/node_modules/playwright/lib/client/page.js:241:21)
    at Object.<anonymous> (/home/edson/.local/lib/python3.8/site-packages/Browser/wrapper/index.js:68911:50)
=============================================================
================= Original suppressed error =================
page.waitForSelector: Evaluation failed: DOMException: Failed to execute 'evaluate' on 'Document': The string '(//form//span)[RANGE])' is not a valid XPath expression.
    at Object.query (<anonymous>:2868:29)
    at InjectedScript._queryEngine (<anonymous>:1591:47)
    at InjectedScript._querySelectorRecursively (<anonymous>:1547:25)
    at InjectedScript.querySelector (<anonymous>:1538:25)
    at eval (eval at evaluate (:303:29), <anonymous>:4:38)
    at onRaf (<anonymous>:1667:37)
    at <anonymous>:1677:13
    at Object.run (<anonymous>:1735:28)
    at eval (eval at evaluate (:303:29), <anonymous>:1:14)
    at UtilityScript.evaluate (<anonymous>:305:22)
=========================== logs ===========================
waiting for selector "xpath=(//form//span)[RANGE])"
============================================================
Note: use DEBUG=pw:api environment variable to capture Playwright logs.
Error
    at Object.captureStackTrace (/home/edson/.local/lib/python3.8/site-packages/Browser/wrapper/node_modules/playwright/lib/utils/stackTrace.js:48:19)
    at Connection.sendMessageToServer (/home/edson/.local/lib/python3.8/site-packages/Browser/wrapper/node_modules/playwright/lib/client/connection.js:69:48)
    at Proxy.<anonymous> (/home/edson/.local/lib/python3.8/site-packages/Browser/wrapper/node_modules/playwright/lib/client/channelOwner.js:64:61)
    at /home/edson/.local/lib/python3.8/site-packages/Browser/wrapper/node_modules/playwright/lib/client/frame.js:202:42
    at Frame._wrapApiCall (/home/edson/.local/lib/python3.8/site-packages/Browser/wrapper/node_modules/playwright/lib/client/channelOwner.js:77:34)
    at Frame.waitForSelector (/home/edson/.local/lib/python3.8/site-packages/Browser/wrapper/node_modules/playwright/lib/client/frame.js:197:21)
    at /home/edson/.local/lib/python3.8/site-packages/Browser/wrapper/node_modules/playwright/lib/client/page.js:241:60
    at Page._attributeToPage (/home/edson/.local/lib/python3.8/site-packages/Browser/wrapper/node_modules/playwright/lib/client/page.js:231:20)
    at Page.waitForSelector (/home/edson/.local/lib/python3.8/site-packages/Browser/wrapper/node_modules/playwright/lib/client/page.js:241:21)
    at Object.<anonymous> (/home/edson/.local/lib/python3.8/site-packages/Browser/wrapper/index.js:68911:50)
=============================================================
================= Original suppressed error =================
page.waitForSelector: Evaluation failed: DOMException: Failed to execute 'evaluate' on 'Document': The string '(//form//span)[RANGE])' is not a valid XPath expression.
    at Object.query (<anonymous>:2868:29)
    at InjectedScript._queryEngine (<anonymous>:1591:47)
    at InjectedScript._querySelectorRecursively (<anonymous>:1547:25)
    at InjectedScript.querySelector (<anonymous>:1538:25)
    at eval (eval at evaluate (:303:29), <anonymous>:4:38)
    at onRaf (<anonymous>:1667:37)
    at <anonymous>:1677:13
    at Object.run (<anonymous>:1735:28)
    at eval (eval at evaluate (:303:29), <anonymous>:1:14)
    at UtilityScript.evaluate (<anonymous>:305:22)
=========================== logs ===========================
waiting for selector "xpath=(//form//span)[RANGE])"
============================================================
Note: use DEBUG=pw:api environment variable to capture Playwright logs.
Error
    at Object.captureStackTrace (/home/edson/.local/lib/python3.8/site-packages/Browser/wrapper/node_modules/playwright/lib/utils/stackTrace.js:48:19)
    at Connection.sendMessageToServer (/home/edson/.local/lib/python3.8/site-packages/Browser/wrapper/node_modules/playwright/lib/client/connection.js:69:48)
    at Proxy.<anonymous> (/home/edson/.local/lib/python3.8/site-packages/Browser/wrapper/node_modules/playwright/lib/client/channelOwner.js:64:61)
    at /home/edson/.local/lib/python3.8/site-packages/Browser/wrapper/node_modules/playwright/lib/client/frame.js:202:42
    at Frame._wrapApiCall (/home/edson/.local/lib/python3.8/site-packages/Browser/wrapper/node_modules/playwright/lib/client/channelOwner.js:77:34)
    at Frame.waitForSelector (/home/edson/.local/lib/python3.8/site-packages/Browser/wrapper/node_modules/playwright/lib/client/frame.js:197:21)
    at /home/edson/.local/lib/python3.8/site-packages/Browser/wrapper/node_modules/playwright/lib/client/page.js:241:60
    at Page._attributeToPage (/home/edson/.local/lib/python3.8/site-packages/Browser/wrapper/node_modules/playwright/lib/client/page.js:231:20)
    at Page.waitForSelector (/home/edson/.local/lib/python3.8/site-packages/Browser/wrapper/node_modules/playwright/lib/client/page.js:241:21)
    at Object.<anonymous> (/home/edson/.local/lib/python3.8/site-packages/Browser/wrapper/index.js:68911:50)
=============================================================
================= Original suppressed error =================
page.waitForSelector: Evaluation failed: DOMException: Failed to execute 'evaluate' on 'Document': The string '(//form//span)[RANGE])' is not a valid XPath expression.
    at Object.query (<anonymous>:2868:29)
    at InjectedScript._queryEngine (<anonymous>:1591:47)
    at InjectedScript._querySelectorRecursively (<anonymous>:1547:25)
    at InjectedScript.querySelector (<anonymous>:1538:25)
    at eval (eval at evaluate (:303:29), <anonymous>:4:38)
    at onRaf (<anonymous>:1667:37)
    at <anonymous>:1677:13
    at Object.run (<anonymous>:1735:28)
    at eval (eval at evaluate (:303:29), <anonymous>:1:14)
    at UtilityScript.evaluate (<anonymous>:305:22)
=========================== logs ===========================
waiting for selector "xpath=(//form//span)[RANGE])"
============================================================
Note: use DEBUG=pw:api environment variable to capture Playwright logs.
Error
    at Object.captureStackTrace (/home/edson/.local/lib/python3.8/site-packages/Browser/wrapper/node_modules/playwright/lib/utils/stackTrace.js:48:19)
    at Connection.sendMessageToServer (/home/edson/.local/lib/python3.8/site-packages/Browser/wrapper/node_modules/playwright/lib/client/connection.js:69:48)
    at Proxy.<anonymous> (/home/edson/.local/lib/python3.8/site-packages/Browser/wrapper/node_modules/playwright/lib/client/channelOwner.js:64:61)
    at /home/edson/.local/lib/python3.8/site-packages/Browser/wrapper/node_modules/playwright/lib/client/frame.js:202:42
    at Frame._wrapApiCall (/home/edson/.local/lib/python3.8/site-packages/Browser/wrapper/node_modules/playwright/lib/client/channelOwner.js:77:34)
    at Frame.waitForSelector (/home/edson/.local/lib/python3.8/site-packages/Browser/wrapper/node_modules/playwright/lib/client/frame.js:197:21)
    at /home/edson/.local/lib/python3.8/site-packages/Browser/wrapper/node_modules/playwright/lib/client/page.js:241:60
    at Page._attributeToPage (/home/edson/.local/lib/python3.8/site-packages/Browser/wrapper/node_modules/playwright/lib/client/page.js:231:20)
    at Page.waitForSelector (/home/edson/.local/lib/python3.8/site-packages/Browser/wrapper/node_modules/playwright/lib/client/page.js:241:21)
    at Object.<anonymous> (/home/edson/.local/lib/python3.8/site-packages/Browser/wrapper/index.js:68911:50)
=============================================================
================= Original suppressed error =================
page.waitForSelector: Evaluation failed: DOMException: Failed to execute 'evaluate' on 'Document': The string '(//form//span)[RANGE])' is not a valid XPath expression.
    at Object.query (<anonymous>:2868:29)
    at InjectedScript._queryEngine (<anonymous>:1591:47)
    at InjectedScript._querySelectorRecursively (<anonymous>:1547:25)
    at InjectedScript.querySelector (<anonymous>:1538:25)
    at eval (eval at evaluate (:303:29), <anonymous>:4:38)
    at onRaf (<anonymous>:1667:37)
    at <anonymous>:1677:13
    at Object.run (<anonymous>:1735:28)
    at eval (eval at evaluate (:303:29), <anonymous>:1:14)
    at UtilityScript.evaluate (<anonymous>:305:22)
=========================== logs ===========================
waiting for selector "xpath=(//form//span)[RANGE])"
============================================================
Note: use DEBUG=pw:api environment variable to capture Playwright logs.
Error
    at Object.captureStackTrace (/home/edson/.local/lib/python3.8/site-packages/Browser/wrapper/node_modules/playwright/lib/utils/stackTrace.js:48:19)
    at Connection.sendMessageToServer (/home/edson/.local/lib/python3.8/site-packages/Browser/wrapper/node_modules/playwright/lib/client/connection.js:69:48)
    at Proxy.<anonymous> (/home/edson/.local/lib/python3.8/site-packages/Browser/wrapper/node_modules/playwright/lib/client/channelOwner.js:64:61)
    at /home/edson/.local/lib/python3.8/site-packages/Browser/wrapper/node_modules/playwright/lib/client/frame.js:202:42
    at Frame._wrapApiCall (/home/edson/.local/lib/python3.8/site-packages/Browser/wrapper/node_modules/playwright/lib/client/channelOwner.js:77:34)
    at Frame.waitForSelector (/home/edson/.local/lib/python3.8/site-packages/Browser/wrapper/node_modules/playwright/lib/client/frame.js:197:21)
    at /home/edson/.local/lib/python3.8/site-packages/Browser/wrapper/node_modules/playwright/lib/client/page.js:241:60
    at Page._attributeToPage (/home/edson/.local/lib/python3.8/site-packages/Browser/wrapper/node_modules/playwright/lib/client/page.js:231:20)
    at Page.waitForSelector (/home/edson/.local/lib/python3.8/site-packages/Browser/wrapper/node_modules/playwright/lib/client/page.js:241:21)
    at Object.<anonymous> (/home/edson/.local/lib/python3.8/site-packages/Browser/wrapper/index.js:68911:50)
=============================================================
================= Original suppressed error =================
page.waitForSelector: Evaluation failed: DOMException: Failed to execute 'evaluate' on 'Document': The string '(//form//span)[RANGE])' is not a valid XPath expression.
    at Object.query (<anonymous>:2868:29)
    at InjectedScript._queryEngine (<anonymous>:1591:47)
    at InjectedScript._querySelectorRecursively (<anonymous>:1547:25)
    at InjectedScript.querySelector (<anonymous>:1538:25)
    at eval (eval at evaluate (:303:29), <anonymous>:4:38)
    at onRaf (<anonymous>:1667:37)
    at <anonymous>:1677:13
    at Object.run (<anonymous>:1735:28)
    at eval (eval at evaluate (:303:29), <anonymous>:1:14)
    at UtilityScript.evaluate (<anonymous>:305:22)
=========================== logs ===========================
waiting for selector "xpath=(//form//span)[RANGE])"
============================================================
Note: use DEBUG=pw:api environment variable to capture Playwright logs.
Error
    at Object.captureStackTrace (/home/edson/.local/lib/python3.8/site-packages/Browser/wrapper/node_modules/playwright/lib/utils/stackTrace.js:48:19)
    at Connection.sendMessageToServer (/home/edson/.local/lib/python3.8/site-packages/Browser/wrapper/node_modules/playwright/lib/client/connection.js:69:48)
    at Proxy.<anonymous> (/home/edson/.local/lib/python3.8/site-packages/Browser/wrapper/node_modules/playwright/lib/client/channelOwner.js:64:61)
    at /home/edson/.local/lib/python3.8/site-packages/Browser/wrapper/node_modules/playwright/lib/client/frame.js:202:42
    at Frame._wrapApiCall (/home/edson/.local/lib/python3.8/site-packages/Browser/wrapper/node_modules/playwright/lib/client/channelOwner.js:77:34)
    at Frame.waitForSelector (/home/edson/.local/lib/python3.8/site-packages/Browser/wrapper/node_modules/playwright/lib/client/frame.js:197:21)
    at /home/edson/.local/lib/python3.8/site-packages/Browser/wrapper/node_modules/playwright/lib/client/page.js:241:60
    at Page._attributeToPage (/home/edson/.local/lib/python3.8/site-packages/Browser/wrapper/node_modules/playwright/lib/client/page.js:231:20)
    at Page.waitForSelector (/home/edson/.local/lib/python3.8/site-packages/Browser/wrapper/node_modules/playwright/lib/client/page.js:241:21)
    at Object.<anonymous> (/home/edson/.local/lib/python3.8/site-packages/Browser/wrapper/index.js:68911:50)
=============================================================
================= Original suppressed error =================
page.waitForSelector: Evaluation failed: DOMException: Failed to execute 'evaluate' on 'Document': The string '(//form//span)[RANGE])' is not a valid XPath expression.
    at Object.query (<anonymous>:2868:29)
    at InjectedScript._queryEngine (<anonymous>:1591:47)
    at InjectedScript._querySelectorRecursively (<anonymous>:1547:25)
    at InjectedScript.querySelector (<anonymous>:1538:25)
    at eval (eval at evaluate (:303:29), <anonymous>:4:38)
    at onRaf (<anonymous>:1667:37)
    at <anonymous>:1677:13
    at Object.run (<anonymous>:1735:28)
    at eval (eval at evaluate (:303:29), <anonymous>:1:14)
    at UtilityScript.evaluate (<anonymous>:305:22)
=========================== logs ===========================
waiting for selector "xpath=(//form//span)[RANGE])"
============================================================
Note: use DEBUG=pw:api environment variable to capture Playwright logs.
Error
    at Object.captureStackTrace (/home/edson/.local/lib/python3.8/site-packages/Browser/wrapper/node_modules/playwright/lib/utils/stackTrace.js:48:19)
    at Connection.sendMessageToServer (/home/edson/.local/lib/python3.8/site-packages/Browser/wrapper/node_modules/playwright/lib/client/connection.js:69:48)
    at Proxy.<anonymous> (/home/edson/.local/lib/python3.8/site-packages/Browser/wrapper/node_modules/playwright/lib/client/channelOwner.js:64:61)
    at /home/edson/.local/lib/python3.8/site-packages/Browser/wrapper/node_modules/playwright/lib/client/frame.js:202:42
    at Frame._wrapApiCall (/home/edson/.local/lib/python3.8/site-packages/Browser/wrapper/node_modules/playwright/lib/client/channelOwner.js:77:34)
    at Frame.waitForSelector (/home/edson/.local/lib/python3.8/site-packages/Browser/wrapper/node_modules/playwright/lib/client/frame.js:197:21)
    at /home/edson/.local/lib/python3.8/site-packages/Browser/wrapper/node_modules/playwright/lib/client/page.js:241:60
    at Page._attributeToPage (/home/edson/.local/lib/python3.8/site-packages/Browser/wrapper/node_modules/playwright/lib/client/page.js:231:20)
    at Page.waitForSelector (/home/edson/.local/lib/python3.8/site-packages/Browser/wrapper/node_modules/playwright/lib/client/page.js:241:21)
    at Object.<anonymous> (/home/edson/.local/lib/python3.8/site-packages/Browser/wrapper/index.js:68911:50)
=============================================================
{"level":30,"time":"2021-05-03T17:20:03.760Z","pid":11423,"hostname":"Pantokrator","msg":"Changed active context"}
{"level":30,"time":"2021-05-03T17:20:03.761Z","pid":11423,"hostname":"Pantokrator","msg":"Changing current active page"}
{"level":30,"time":"2021-05-03T17:20:03.761Z","pid":11423,"hostname":"Pantokrator","msg":"Changed active page"}
{"level":30,"time":"2021-05-03T17:20:03.785Z","pid":11423,"hostname":"Pantokrator","msg":"Changed active context"}
{"level":30,"time":"2021-05-03T17:20:03.785Z","pid":11423,"hostname":"Pantokrator","msg":"Changing current active page"}
{"level":30,"time":"2021-05-03T17:20:03.785Z","pid":11423,"hostname":"Pantokrator","msg":"Changed active page"}
